2025-09-20 14:16:12,313 [PERFORMANCE] scientific.graceful_degradation: Performance monitoring disabled due to degradation
2025-09-20 14:16:12,313 [PERFORMANCE] scientific.graceful_degradation: Performance monitoring disabled due to degradation
2025-09-20 14:16:12,313 [PERFORMANCE] scientific.graceful_degradation: Performance monitoring disabled due to degradation
2025-09-20 14:16:12,313 [PERFORMANCE] scientific.graceful_degradation: Performance monitoring disabled due to degradation
2025-09-20 14:16:12,313 [PERFORMANCE] scientific.graceful_degradation: Performance monitoring disabled due to degradation
2025-09-20 14:16:12,313 [PERFORMANCE] scientific.graceful_degradation: Performance monitoring disabled due to degradation
2025-09-20 14:16:12,313 [PERFORMANCE] scientific.graceful_degradation: Performance monitoring disabled due to degradation
2025-09-20 14:16:12,313 [PERFORMANCE] scientific.graceful_degradation: Performance monitoring disabled due to degradation
2025-09-20 14:16:12,313 [PERFORMANCE] scientific.graceful_degradation: Performance monitoring disabled due to degradation
2025-09-20 14:16:12,313 [PERFORMANCE] scientific.graceful_degradation: Performance monitoring disabled due to degradation
2025-09-20 14:16:12,313 [PERFORMANCE] scientific.graceful_degradation: Performance monitoring disabled due to degradation
2025-09-20 14:16:12,314 [PERFORMANCE] scientific.graceful_degradation: Data caching disabled due to degradation
2025-09-20 14:16:12,314 [PERFORMANCE] scientific.graceful_degradation: Data caching disabled due to degradation
2025-09-20 14:16:12,314 [PERFORMANCE] scientific.graceful_degradation: Data caching disabled due to degradation
2025-09-20 14:16:12,314 [PERFORMANCE] scientific.graceful_degradation: Data caching disabled due to degradation
2025-09-20 14:16:12,314 [PERFORMANCE] scientific.graceful_degradation: Data caching disabled due to degradation
2025-09-20 14:16:12,314 [PERFORMANCE] scientific.graceful_degradation: Data caching disabled due to degradation
2025-09-20 14:16:12,314 [PERFORMANCE] scientific.graceful_degradation: Data caching disabled due to degradation
2025-09-20 14:16:12,314 [PERFORMANCE] scientific.graceful_degradation: Data caching disabled due to degradation
2025-09-20 14:16:12,314 [PERFORMANCE] scientific.graceful_degradation: Data caching disabled due to degradation
2025-09-20 14:16:12,314 [PERFORMANCE] scientific.graceful_degradation: Data caching disabled due to degradation
2025-09-20 14:16:12,314 [PERFORMANCE] scientific.graceful_degradation: Data caching disabled due to degradation
2025-09-20 14:16:12,314 [PERFORMANCE] scientific.graceful_degradation: Data caching disabled due to degradation
2025-09-20 14:16:12,315 [PERFORMANCE] scientific.graceful_degradation: Real-time updates disabled due to degradation
2025-09-20 14:16:12,315 [PERFORMANCE] scientific.graceful_degradation: Real-time updates disabled due to degradation
2025-09-20 14:16:12,315 [PERFORMANCE] scientific.graceful_degradation: Real-time updates disabled due to degradation
2025-09-20 14:16:12,315 [PERFORMANCE] scientific.graceful_degradation: Real-time updates disabled due to degradation
2025-09-20 14:16:12,315 [PERFORMANCE] scientific.graceful_degradation: Real-time updates disabled due to degradation
2025-09-20 14:16:12,315 [PERFORMANCE] scientific.graceful_degradation: Real-time updates disabled due to degradation
2025-09-20 14:16:12,315 [PERFORMANCE] scientific.graceful_degradation: Real-time updates disabled due to degradation
2025-09-20 14:16:12,315 [PERFORMANCE] scientific.graceful_degradation: Real-time updates disabled due to degradation
2025-09-20 14:16:12,315 [PERFORMANCE] scientific.graceful_degradation: Real-time updates disabled due to degradation
2025-09-20 14:16:12,315 [PERFORMANCE] scientific.graceful_degradation: Real-time updates disabled due to degradation
2025-09-20 14:16:12,315 [PERFORMANCE] scientific.graceful_degradation: Real-time updates disabled due to degradation
2025-09-20 14:16:12,315 [PERFORMANCE] scientific.graceful_degradation: Real-time updates disabled due to degradation
2025-09-20 14:16:12,315 [PERFORMANCE] scientific.graceful_degradation: Real-time updates disabled due to degradation
2025-09-20 14:16:12,316 [PERFORMANCE] scientific.graceful_degradation: All features restored
2025-09-20 14:16:12,316 [PERFORMANCE] scientific.graceful_degradation: All features restored
2025-09-20 14:16:12,316 [PERFORMANCE] scientific.graceful_degradation: All features restored
2025-09-20 14:16:12,316 [PERFORMANCE] scientific.graceful_degradation: All features restored
2025-09-20 14:16:12,316 [PERFORMANCE] scientific.graceful_degradation: All features restored
2025-09-20 14:16:12,316 [PERFORMANCE] scientific.graceful_degradation: All features restored
2025-09-20 14:16:12,316 [PERFORMANCE] scientific.graceful_degradation: All features restored
2025-09-20 14:16:12,316 [PERFORMANCE] scientific.graceful_degradation: All features restored
2025-09-20 14:16:12,316 [PERFORMANCE] scientific.graceful_degradation: All features restored
2025-09-20 14:16:12,316 [PERFORMANCE] scientific.graceful_degradation: All features restored
2025-09-20 14:16:12,316 [PERFORMANCE] scientific.graceful_degradation: All features restored
2025-09-20 14:16:12,316 [PERFORMANCE] scientific.graceful_degradation: All features restored
2025-09-20 14:16:12,316 [PERFORMANCE] scientific.graceful_degradation: All features restored
2025-09-20 14:16:12,316 [PERFORMANCE] scientific.graceful_degradation: All features restored
2025-09-20 14:16:12,379 [PERFORMANCE] scientific.graceful_degradation: Starting operation: test_operation, context: {'operation': 'test_operation', 'degradation_level': 'none', 'available_features': ['real_time_updates', 'advanced_visualization', 'batch_processing', 'export_high_quality', 'data_cache', 'performance_monitoring']}
2025-09-20 14:16:12,379 [PERFORMANCE] scientific.graceful_degradation: Starting operation: test_operation, context: {'operation': 'test_operation', 'degradation_level': 'none', 'available_features': ['real_time_updates', 'advanced_visualization', 'batch_processing', 'export_high_quality', 'data_cache', 'performance_monitoring']}
2025-09-20 14:16:12,379 [PERFORMANCE] scientific.graceful_degradation: Starting operation: test_operation, context: {'operation': 'test_operation', 'degradation_level': 'none', 'available_features': ['real_time_updates', 'advanced_visualization', 'batch_processing', 'export_high_quality', 'data_cache', 'performance_monitoring']}
2025-09-20 14:16:12,379 [PERFORMANCE] scientific.graceful_degradation: Starting operation: test_operation, context: {'operation': 'test_operation', 'degradation_level': 'none', 'available_features': ['real_time_updates', 'advanced_visualization', 'batch_processing', 'export_high_quality', 'data_cache', 'performance_monitoring']}
2025-09-20 14:16:12,379 [PERFORMANCE] scientific.graceful_degradation: Starting operation: test_operation, context: {'operation': 'test_operation', 'degradation_level': 'none', 'available_features': ['real_time_updates', 'advanced_visualization', 'batch_processing', 'export_high_quality', 'data_cache', 'performance_monitoring']}
2025-09-20 14:16:12,379 [PERFORMANCE] scientific.graceful_degradation: Starting operation: test_operation, context: {'operation': 'test_operation', 'degradation_level': 'none', 'available_features': ['real_time_updates', 'advanced_visualization', 'batch_processing', 'export_high_quality', 'data_cache', 'performance_monitoring']}
2025-09-20 14:16:12,379 [PERFORMANCE] scientific.graceful_degradation: Starting operation: test_operation, context: {'operation': 'test_operation', 'degradation_level': 'none', 'available_features': ['real_time_updates', 'advanced_visualization', 'batch_processing', 'export_high_quality', 'data_cache', 'performance_monitoring']}
2025-09-20 14:16:12,379 [PERFORMANCE] scientific.graceful_degradation: Starting operation: test_operation, context: {'operation': 'test_operation', 'degradation_level': 'none', 'available_features': ['real_time_updates', 'advanced_visualization', 'batch_processing', 'export_high_quality', 'data_cache', 'performance_monitoring']}
2025-09-20 14:16:12,379 [PERFORMANCE] scientific.graceful_degradation: Starting operation: test_operation, context: {'operation': 'test_operation', 'degradation_level': 'none', 'available_features': ['real_time_updates', 'advanced_visualization', 'batch_processing', 'export_high_quality', 'data_cache', 'performance_monitoring']}
2025-09-20 14:16:12,379 [PERFORMANCE] scientific.graceful_degradation: Starting operation: test_operation, context: {'operation': 'test_operation', 'degradation_level': 'none', 'available_features': ['real_time_updates', 'advanced_visualization', 'batch_processing', 'export_high_quality', 'data_cache', 'performance_monitoring']}
2025-09-20 14:16:12,379 [PERFORMANCE] scientific.graceful_degradation: Starting operation: test_operation, context: {'operation': 'test_operation', 'degradation_level': 'none', 'available_features': ['real_time_updates', 'advanced_visualization', 'batch_processing', 'export_high_quality', 'data_cache', 'performance_monitoring']}
2025-09-20 14:16:12,379 [PERFORMANCE] scientific.graceful_degradation: Starting operation: test_operation, context: {'operation': 'test_operation', 'degradation_level': 'none', 'available_features': ['real_time_updates', 'advanced_visualization', 'batch_processing', 'export_high_quality', 'data_cache', 'performance_monitoring']}
2025-09-20 14:16:12,379 [PERFORMANCE] scientific.graceful_degradation: Starting operation: test_operation, context: {'operation': 'test_operation', 'degradation_level': 'none', 'available_features': ['real_time_updates', 'advanced_visualization', 'batch_processing', 'export_high_quality', 'data_cache', 'performance_monitoring']}
2025-09-20 14:16:12,379 [PERFORMANCE] scientific.graceful_degradation: Starting operation: test_operation, context: {'operation': 'test_operation', 'degradation_level': 'none', 'available_features': ['real_time_updates', 'advanced_visualization', 'batch_processing', 'export_high_quality', 'data_cache', 'performance_monitoring']}
2025-09-20 14:16:12,379 [PERFORMANCE] scientific.graceful_degradation: Starting operation: test_operation, context: {'operation': 'test_operation', 'degradation_level': 'none', 'available_features': ['real_time_updates', 'advanced_visualization', 'batch_processing', 'export_high_quality', 'data_cache', 'performance_monitoring']}
2025-09-20 14:16:12,379 [PERFORMANCE] scientific.graceful_degradation: Starting operation: test_operation, context: {'operation': 'test_operation', 'degradation_level': 'none', 'available_features': ['real_time_updates', 'advanced_visualization', 'batch_processing', 'export_high_quality', 'data_cache', 'performance_monitoring']}
2025-09-20 14:16:12,379 [PERFORMANCE] scientific.graceful_degradation: Starting operation: test_operation, context: {'operation': 'test_operation', 'degradation_level': 'none', 'available_features': ['real_time_updates', 'advanced_visualization', 'batch_processing', 'export_high_quality', 'data_cache', 'performance_monitoring']}
2025-09-20 14:16:12,379 [PERFORMANCE] scientific.graceful_degradation: Starting operation: test_operation, context: {'operation': 'test_operation', 'degradation_level': 'none', 'available_features': ['real_time_updates', 'advanced_visualization', 'batch_processing', 'export_high_quality', 'data_cache', 'performance_monitoring']}
2025-09-20 14:16:12,379 [PERFORMANCE] scientific.graceful_degradation: Starting operation: test_operation, context: {'operation': 'test_operation', 'degradation_level': 'none', 'available_features': ['real_time_updates', 'advanced_visualization', 'batch_processing', 'export_high_quality', 'data_cache', 'performance_monitoring']}
2025-09-20 14:16:12,379 [PERFORMANCE] scientific.graceful_degradation: Starting operation: test_operation, context: {'operation': 'test_operation', 'degradation_level': 'none', 'available_features': ['real_time_updates', 'advanced_visualization', 'batch_processing', 'export_high_quality', 'data_cache', 'performance_monitoring']}
2025-09-20 14:16:12,379 [PERFORMANCE] scientific.graceful_degradation: QUALITY_METRICS: {"data": "operation_success", "quality_metrics": {"duration_ms": 0.2620220184326172, "degradation_level": "none", "operation": "test_operation"}, "timestamp": "2025-09-20T14:16:12.379765"}
2025-09-20 14:16:12,379 [PERFORMANCE] scientific.graceful_degradation: QUALITY_METRICS: {"data": "operation_success", "quality_metrics": {"duration_ms": 0.2620220184326172, "degradation_level": "none", "operation": "test_operation"}, "timestamp": "2025-09-20T14:16:12.379765"}
2025-09-20 14:16:12,379 [PERFORMANCE] scientific.graceful_degradation: QUALITY_METRICS: {"data": "operation_success", "quality_metrics": {"duration_ms": 0.2620220184326172, "degradation_level": "none", "operation": "test_operation"}, "timestamp": "2025-09-20T14:16:12.379765"}
2025-09-20 14:16:12,379 [PERFORMANCE] scientific.graceful_degradation: QUALITY_METRICS: {"data": "operation_success", "quality_metrics": {"duration_ms": 0.2620220184326172, "degradation_level": "none", "operation": "test_operation"}, "timestamp": "2025-09-20T14:16:12.379765"}
2025-09-20 14:16:12,379 [PERFORMANCE] scientific.graceful_degradation: QUALITY_METRICS: {"data": "operation_success", "quality_metrics": {"duration_ms": 0.2620220184326172, "degradation_level": "none", "operation": "test_operation"}, "timestamp": "2025-09-20T14:16:12.379765"}
2025-09-20 14:16:12,379 [PERFORMANCE] scientific.graceful_degradation: QUALITY_METRICS: {"data": "operation_success", "quality_metrics": {"duration_ms": 0.2620220184326172, "degradation_level": "none", "operation": "test_operation"}, "timestamp": "2025-09-20T14:16:12.379765"}
2025-09-20 14:16:12,379 [PERFORMANCE] scientific.graceful_degradation: QUALITY_METRICS: {"data": "operation_success", "quality_metrics": {"duration_ms": 0.2620220184326172, "degradation_level": "none", "operation": "test_operation"}, "timestamp": "2025-09-20T14:16:12.379765"}
2025-09-20 14:16:12,379 [PERFORMANCE] scientific.graceful_degradation: QUALITY_METRICS: {"data": "operation_success", "quality_metrics": {"duration_ms": 0.2620220184326172, "degradation_level": "none", "operation": "test_operation"}, "timestamp": "2025-09-20T14:16:12.379765"}
2025-09-20 14:16:12,379 [PERFORMANCE] scientific.graceful_degradation: QUALITY_METRICS: {"data": "operation_success", "quality_metrics": {"duration_ms": 0.2620220184326172, "degradation_level": "none", "operation": "test_operation"}, "timestamp": "2025-09-20T14:16:12.379765"}
2025-09-20 14:16:12,379 [PERFORMANCE] scientific.graceful_degradation: QUALITY_METRICS: {"data": "operation_success", "quality_metrics": {"duration_ms": 0.2620220184326172, "degradation_level": "none", "operation": "test_operation"}, "timestamp": "2025-09-20T14:16:12.379765"}
2025-09-20 14:16:12,379 [PERFORMANCE] scientific.graceful_degradation: QUALITY_METRICS: {"data": "operation_success", "quality_metrics": {"duration_ms": 0.2620220184326172, "degradation_level": "none", "operation": "test_operation"}, "timestamp": "2025-09-20T14:16:12.379765"}
2025-09-20 14:16:12,379 [PERFORMANCE] scientific.graceful_degradation: QUALITY_METRICS: {"data": "operation_success", "quality_metrics": {"duration_ms": 0.2620220184326172, "degradation_level": "none", "operation": "test_operation"}, "timestamp": "2025-09-20T14:16:12.379765"}
2025-09-20 14:16:12,379 [PERFORMANCE] scientific.graceful_degradation: QUALITY_METRICS: {"data": "operation_success", "quality_metrics": {"duration_ms": 0.2620220184326172, "degradation_level": "none", "operation": "test_operation"}, "timestamp": "2025-09-20T14:16:12.379765"}
2025-09-20 14:16:12,379 [PERFORMANCE] scientific.graceful_degradation: QUALITY_METRICS: {"data": "operation_success", "quality_metrics": {"duration_ms": 0.2620220184326172, "degradation_level": "none", "operation": "test_operation"}, "timestamp": "2025-09-20T14:16:12.379765"}
2025-09-20 14:16:12,379 [PERFORMANCE] scientific.graceful_degradation: QUALITY_METRICS: {"data": "operation_success", "quality_metrics": {"duration_ms": 0.2620220184326172, "degradation_level": "none", "operation": "test_operation"}, "timestamp": "2025-09-20T14:16:12.379765"}
2025-09-20 14:16:12,379 [PERFORMANCE] scientific.graceful_degradation: QUALITY_METRICS: {"data": "operation_success", "quality_metrics": {"duration_ms": 0.2620220184326172, "degradation_level": "none", "operation": "test_operation"}, "timestamp": "2025-09-20T14:16:12.379765"}
2025-09-20 14:16:12,379 [PERFORMANCE] scientific.graceful_degradation: QUALITY_METRICS: {"data": "operation_success", "quality_metrics": {"duration_ms": 0.2620220184326172, "degradation_level": "none", "operation": "test_operation"}, "timestamp": "2025-09-20T14:16:12.379765"}
2025-09-20 14:16:12,379 [PERFORMANCE] scientific.graceful_degradation: QUALITY_METRICS: {"data": "operation_success", "quality_metrics": {"duration_ms": 0.2620220184326172, "degradation_level": "none", "operation": "test_operation"}, "timestamp": "2025-09-20T14:16:12.379765"}
2025-09-20 14:16:12,379 [PERFORMANCE] scientific.graceful_degradation: QUALITY_METRICS: {"data": "operation_success", "quality_metrics": {"duration_ms": 0.2620220184326172, "degradation_level": "none", "operation": "test_operation"}, "timestamp": "2025-09-20T14:16:12.379765"}
2025-09-20 14:16:12,379 [PERFORMANCE] scientific.graceful_degradation: QUALITY_METRICS: {"data": "operation_success", "quality_metrics": {"duration_ms": 0.2620220184326172, "degradation_level": "none", "operation": "test_operation"}, "timestamp": "2025-09-20T14:16:12.379765"}
2025-09-20 14:16:12,383 [PERFORMANCE] scientific.graceful_degradation: Starting operation: test_operation, context: {'operation': 'test_operation', 'degradation_level': 'none', 'available_features': ['real_time_updates', 'advanced_visualization', 'batch_processing', 'export_high_quality', 'data_cache', 'performance_monitoring']}
2025-09-20 14:16:12,383 [PERFORMANCE] scientific.graceful_degradation: Starting operation: test_operation, context: {'operation': 'test_operation', 'degradation_level': 'none', 'available_features': ['real_time_updates', 'advanced_visualization', 'batch_processing', 'export_high_quality', 'data_cache', 'performance_monitoring']}
2025-09-20 14:16:12,383 [PERFORMANCE] scientific.graceful_degradation: Starting operation: test_operation, context: {'operation': 'test_operation', 'degradation_level': 'none', 'available_features': ['real_time_updates', 'advanced_visualization', 'batch_processing', 'export_high_quality', 'data_cache', 'performance_monitoring']}
2025-09-20 14:16:12,383 [PERFORMANCE] scientific.graceful_degradation: Starting operation: test_operation, context: {'operation': 'test_operation', 'degradation_level': 'none', 'available_features': ['real_time_updates', 'advanced_visualization', 'batch_processing', 'export_high_quality', 'data_cache', 'performance_monitoring']}
2025-09-20 14:16:12,383 [PERFORMANCE] scientific.graceful_degradation: Starting operation: test_operation, context: {'operation': 'test_operation', 'degradation_level': 'none', 'available_features': ['real_time_updates', 'advanced_visualization', 'batch_processing', 'export_high_quality', 'data_cache', 'performance_monitoring']}
2025-09-20 14:16:12,383 [PERFORMANCE] scientific.graceful_degradation: Starting operation: test_operation, context: {'operation': 'test_operation', 'degradation_level': 'none', 'available_features': ['real_time_updates', 'advanced_visualization', 'batch_processing', 'export_high_quality', 'data_cache', 'performance_monitoring']}
2025-09-20 14:16:12,383 [PERFORMANCE] scientific.graceful_degradation: Starting operation: test_operation, context: {'operation': 'test_operation', 'degradation_level': 'none', 'available_features': ['real_time_updates', 'advanced_visualization', 'batch_processing', 'export_high_quality', 'data_cache', 'performance_monitoring']}
2025-09-20 14:16:12,383 [PERFORMANCE] scientific.graceful_degradation: Starting operation: test_operation, context: {'operation': 'test_operation', 'degradation_level': 'none', 'available_features': ['real_time_updates', 'advanced_visualization', 'batch_processing', 'export_high_quality', 'data_cache', 'performance_monitoring']}
2025-09-20 14:16:12,383 [PERFORMANCE] scientific.graceful_degradation: Starting operation: test_operation, context: {'operation': 'test_operation', 'degradation_level': 'none', 'available_features': ['real_time_updates', 'advanced_visualization', 'batch_processing', 'export_high_quality', 'data_cache', 'performance_monitoring']}
2025-09-20 14:16:12,383 [PERFORMANCE] scientific.graceful_degradation: Starting operation: test_operation, context: {'operation': 'test_operation', 'degradation_level': 'none', 'available_features': ['real_time_updates', 'advanced_visualization', 'batch_processing', 'export_high_quality', 'data_cache', 'performance_monitoring']}
2025-09-20 14:16:12,383 [PERFORMANCE] scientific.graceful_degradation: Starting operation: test_operation, context: {'operation': 'test_operation', 'degradation_level': 'none', 'available_features': ['real_time_updates', 'advanced_visualization', 'batch_processing', 'export_high_quality', 'data_cache', 'performance_monitoring']}
2025-09-20 14:16:12,383 [PERFORMANCE] scientific.graceful_degradation: Starting operation: test_operation, context: {'operation': 'test_operation', 'degradation_level': 'none', 'available_features': ['real_time_updates', 'advanced_visualization', 'batch_processing', 'export_high_quality', 'data_cache', 'performance_monitoring']}
2025-09-20 14:16:12,383 [PERFORMANCE] scientific.graceful_degradation: Starting operation: test_operation, context: {'operation': 'test_operation', 'degradation_level': 'none', 'available_features': ['real_time_updates', 'advanced_visualization', 'batch_processing', 'export_high_quality', 'data_cache', 'performance_monitoring']}
2025-09-20 14:16:12,383 [PERFORMANCE] scientific.graceful_degradation: Starting operation: test_operation, context: {'operation': 'test_operation', 'degradation_level': 'none', 'available_features': ['real_time_updates', 'advanced_visualization', 'batch_processing', 'export_high_quality', 'data_cache', 'performance_monitoring']}
2025-09-20 14:16:12,383 [PERFORMANCE] scientific.graceful_degradation: Starting operation: test_operation, context: {'operation': 'test_operation', 'degradation_level': 'none', 'available_features': ['real_time_updates', 'advanced_visualization', 'batch_processing', 'export_high_quality', 'data_cache', 'performance_monitoring']}
2025-09-20 14:16:12,383 [PERFORMANCE] scientific.graceful_degradation: Starting operation: test_operation, context: {'operation': 'test_operation', 'degradation_level': 'none', 'available_features': ['real_time_updates', 'advanced_visualization', 'batch_processing', 'export_high_quality', 'data_cache', 'performance_monitoring']}
2025-09-20 14:16:12,383 [PERFORMANCE] scientific.graceful_degradation: Starting operation: test_operation, context: {'operation': 'test_operation', 'degradation_level': 'none', 'available_features': ['real_time_updates', 'advanced_visualization', 'batch_processing', 'export_high_quality', 'data_cache', 'performance_monitoring']}
2025-09-20 14:16:12,383 [PERFORMANCE] scientific.graceful_degradation: Starting operation: test_operation, context: {'operation': 'test_operation', 'degradation_level': 'none', 'available_features': ['real_time_updates', 'advanced_visualization', 'batch_processing', 'export_high_quality', 'data_cache', 'performance_monitoring']}
2025-09-20 14:16:12,383 [PERFORMANCE] scientific.graceful_degradation: Starting operation: test_operation, context: {'operation': 'test_operation', 'degradation_level': 'none', 'available_features': ['real_time_updates', 'advanced_visualization', 'batch_processing', 'export_high_quality', 'data_cache', 'performance_monitoring']}
2025-09-20 14:16:12,383 [PERFORMANCE] scientific.graceful_degradation: Starting operation: test_operation, context: {'operation': 'test_operation', 'degradation_level': 'none', 'available_features': ['real_time_updates', 'advanced_visualization', 'batch_processing', 'export_high_quality', 'data_cache', 'performance_monitoring']}
2025-09-20 14:16:12,383 [PERFORMANCE] scientific.graceful_degradation: Starting operation: test_operation, context: {'operation': 'test_operation', 'degradation_level': 'none', 'available_features': ['real_time_updates', 'advanced_visualization', 'batch_processing', 'export_high_quality', 'data_cache', 'performance_monitoring']}
2025-09-20 14:16:12,385 [PERFORMANCE] scientific.graceful_degradation: Starting operation: test_operation, context: {'operation': 'test_operation', 'degradation_level': 'critical', 'available_features': ['real_time_updates', 'advanced_visualization', 'batch_processing', 'export_high_quality', 'data_cache', 'performance_monitoring']}
2025-09-20 14:16:12,385 [PERFORMANCE] scientific.graceful_degradation: Starting operation: test_operation, context: {'operation': 'test_operation', 'degradation_level': 'critical', 'available_features': ['real_time_updates', 'advanced_visualization', 'batch_processing', 'export_high_quality', 'data_cache', 'performance_monitoring']}
2025-09-20 14:16:12,385 [PERFORMANCE] scientific.graceful_degradation: Starting operation: test_operation, context: {'operation': 'test_operation', 'degradation_level': 'critical', 'available_features': ['real_time_updates', 'advanced_visualization', 'batch_processing', 'export_high_quality', 'data_cache', 'performance_monitoring']}
2025-09-20 14:16:12,385 [PERFORMANCE] scientific.graceful_degradation: Starting operation: test_operation, context: {'operation': 'test_operation', 'degradation_level': 'critical', 'available_features': ['real_time_updates', 'advanced_visualization', 'batch_processing', 'export_high_quality', 'data_cache', 'performance_monitoring']}
2025-09-20 14:16:12,385 [PERFORMANCE] scientific.graceful_degradation: Starting operation: test_operation, context: {'operation': 'test_operation', 'degradation_level': 'critical', 'available_features': ['real_time_updates', 'advanced_visualization', 'batch_processing', 'export_high_quality', 'data_cache', 'performance_monitoring']}
2025-09-20 14:16:12,385 [PERFORMANCE] scientific.graceful_degradation: Starting operation: test_operation, context: {'operation': 'test_operation', 'degradation_level': 'critical', 'available_features': ['real_time_updates', 'advanced_visualization', 'batch_processing', 'export_high_quality', 'data_cache', 'performance_monitoring']}
2025-09-20 14:16:12,385 [PERFORMANCE] scientific.graceful_degradation: Starting operation: test_operation, context: {'operation': 'test_operation', 'degradation_level': 'critical', 'available_features': ['real_time_updates', 'advanced_visualization', 'batch_processing', 'export_high_quality', 'data_cache', 'performance_monitoring']}
2025-09-20 14:16:12,385 [PERFORMANCE] scientific.graceful_degradation: Starting operation: test_operation, context: {'operation': 'test_operation', 'degradation_level': 'critical', 'available_features': ['real_time_updates', 'advanced_visualization', 'batch_processing', 'export_high_quality', 'data_cache', 'performance_monitoring']}
2025-09-20 14:16:12,385 [PERFORMANCE] scientific.graceful_degradation: Starting operation: test_operation, context: {'operation': 'test_operation', 'degradation_level': 'critical', 'available_features': ['real_time_updates', 'advanced_visualization', 'batch_processing', 'export_high_quality', 'data_cache', 'performance_monitoring']}
2025-09-20 14:16:12,385 [PERFORMANCE] scientific.graceful_degradation: Starting operation: test_operation, context: {'operation': 'test_operation', 'degradation_level': 'critical', 'available_features': ['real_time_updates', 'advanced_visualization', 'batch_processing', 'export_high_quality', 'data_cache', 'performance_monitoring']}
2025-09-20 14:16:12,385 [PERFORMANCE] scientific.graceful_degradation: Starting operation: test_operation, context: {'operation': 'test_operation', 'degradation_level': 'critical', 'available_features': ['real_time_updates', 'advanced_visualization', 'batch_processing', 'export_high_quality', 'data_cache', 'performance_monitoring']}
2025-09-20 14:16:12,385 [PERFORMANCE] scientific.graceful_degradation: Starting operation: test_operation, context: {'operation': 'test_operation', 'degradation_level': 'critical', 'available_features': ['real_time_updates', 'advanced_visualization', 'batch_processing', 'export_high_quality', 'data_cache', 'performance_monitoring']}
2025-09-20 14:16:12,385 [PERFORMANCE] scientific.graceful_degradation: Starting operation: test_operation, context: {'operation': 'test_operation', 'degradation_level': 'critical', 'available_features': ['real_time_updates', 'advanced_visualization', 'batch_processing', 'export_high_quality', 'data_cache', 'performance_monitoring']}
2025-09-20 14:16:12,385 [PERFORMANCE] scientific.graceful_degradation: Starting operation: test_operation, context: {'operation': 'test_operation', 'degradation_level': 'critical', 'available_features': ['real_time_updates', 'advanced_visualization', 'batch_processing', 'export_high_quality', 'data_cache', 'performance_monitoring']}
2025-09-20 14:16:12,385 [PERFORMANCE] scientific.graceful_degradation: Starting operation: test_operation, context: {'operation': 'test_operation', 'degradation_level': 'critical', 'available_features': ['real_time_updates', 'advanced_visualization', 'batch_processing', 'export_high_quality', 'data_cache', 'performance_monitoring']}
2025-09-20 14:16:12,385 [PERFORMANCE] scientific.graceful_degradation: Starting operation: test_operation, context: {'operation': 'test_operation', 'degradation_level': 'critical', 'available_features': ['real_time_updates', 'advanced_visualization', 'batch_processing', 'export_high_quality', 'data_cache', 'performance_monitoring']}
2025-09-20 14:16:12,385 [PERFORMANCE] scientific.graceful_degradation: Starting operation: test_operation, context: {'operation': 'test_operation', 'degradation_level': 'critical', 'available_features': ['real_time_updates', 'advanced_visualization', 'batch_processing', 'export_high_quality', 'data_cache', 'performance_monitoring']}
2025-09-20 14:16:12,385 [PERFORMANCE] scientific.graceful_degradation: Starting operation: test_operation, context: {'operation': 'test_operation', 'degradation_level': 'critical', 'available_features': ['real_time_updates', 'advanced_visualization', 'batch_processing', 'export_high_quality', 'data_cache', 'performance_monitoring']}
2025-09-20 14:16:12,385 [PERFORMANCE] scientific.graceful_degradation: Starting operation: test_operation, context: {'operation': 'test_operation', 'degradation_level': 'critical', 'available_features': ['real_time_updates', 'advanced_visualization', 'batch_processing', 'export_high_quality', 'data_cache', 'performance_monitoring']}
2025-09-20 14:16:12,385 [PERFORMANCE] scientific.graceful_degradation: Starting operation: test_operation, context: {'operation': 'test_operation', 'degradation_level': 'critical', 'available_features': ['real_time_updates', 'advanced_visualization', 'batch_processing', 'export_high_quality', 'data_cache', 'performance_monitoring']}
2025-09-20 14:16:12,385 [PERFORMANCE] scientific.graceful_degradation: Starting operation: test_operation, context: {'operation': 'test_operation', 'degradation_level': 'critical', 'available_features': ['real_time_updates', 'advanced_visualization', 'batch_processing', 'export_high_quality', 'data_cache', 'performance_monitoring']}
2025-09-20 14:16:12,385 [PERFORMANCE] scientific.graceful_degradation: Starting operation: test_operation, context: {'operation': 'test_operation', 'degradation_level': 'critical', 'available_features': ['real_time_updates', 'advanced_visualization', 'batch_processing', 'export_high_quality', 'data_cache', 'performance_monitoring']}
