2025-09-20 14:08:30,968 [SCIENTIFIC] scientific.error_handling: ERROR_EVENT: {"error_type": "HTTP_EXCEPTION", "error_message": "HTTP 404: Not Found", "context": {"status_code": 404, "detail": "Not Found", "error_id": "f3e94221-31e1-44e2-96b5-0b9080f42670", "path": "/test", "method": "GET"}, "timestamp": "2025-09-20T14:08:30.968501"}
2025-09-20 14:08:30,968 [SCIENTIFIC] scientific.error_handling: ERROR_EVENT: {"error_type": "HTTP_EXCEPTION", "error_message": "HTTP 404: Not Found", "context": {"status_code": 404, "detail": "Not Found", "error_id": "f3e94221-31e1-44e2-96b5-0b9080f42670", "path": "/test", "method": "GET"}, "timestamp": "2025-09-20T14:08:30.968501"}
2025-09-20 14:08:30,968 [SCIENTIFIC] scientific.error_handling: ERROR_EVENT: {"error_type": "HTTP_EXCEPTION", "error_message": "HTTP 404: Not Found", "context": {"status_code": 404, "detail": "Not Found", "error_id": "f3e94221-31e1-44e2-96b5-0b9080f42670", "path": "/test", "method": "GET"}, "timestamp": "2025-09-20T14:08:30.968501"}
2025-09-20 14:08:30,988 [SCIENTIFIC] scientific.error_handling: ERROR_EVENT: {"error_type": "VALIDATION_ERROR", "error_message": "Request validation failed", "context": {"validation_errors": [{"loc": ["body", "file"], "msg": "field required", "type": "value_error.missing"}], "error_id": "1e7f9c6d-f0ae-4a53-8da8-45c4121255e7", "path": "/upload", "method": "POST"}, "timestamp": "2025-09-20T14:08:30.988583"}
2025-09-20 14:08:30,988 [SCIENTIFIC] scientific.error_handling: ERROR_EVENT: {"error_type": "VALIDATION_ERROR", "error_message": "Request validation failed", "context": {"validation_errors": [{"loc": ["body", "file"], "msg": "field required", "type": "value_error.missing"}], "error_id": "1e7f9c6d-f0ae-4a53-8da8-45c4121255e7", "path": "/upload", "method": "POST"}, "timestamp": "2025-09-20T14:08:30.988583"}
2025-09-20 14:08:30,988 [SCIENTIFIC] scientific.error_handling: ERROR_EVENT: {"error_type": "VALIDATION_ERROR", "error_message": "Request validation failed", "context": {"validation_errors": [{"loc": ["body", "file"], "msg": "field required", "type": "value_error.missing"}], "error_id": "1e7f9c6d-f0ae-4a53-8da8-45c4121255e7", "path": "/upload", "method": "POST"}, "timestamp": "2025-09-20T14:08:30.988583"}
2025-09-20 14:08:30,988 [SCIENTIFIC] scientific.error_handling: ERROR_EVENT: {"error_type": "VALIDATION_ERROR", "error_message": "Request validation failed", "context": {"validation_errors": [{"loc": ["body", "file"], "msg": "field required", "type": "value_error.missing"}], "error_id": "1e7f9c6d-f0ae-4a53-8da8-45c4121255e7", "path": "/upload", "method": "POST"}, "timestamp": "2025-09-20T14:08:30.988583"}
2025-09-20 14:08:30,993 [SCIENTIFIC] scientific.error_handling: ERROR_EVENT: {"error_type": "VALUE_ERROR", "error_message": "Invalid data format", "context": {"error_id": "0b93ebe3-e7eb-44a3-85e8-efed9a998d7b", "path": "/process", "method": "POST", "traceback": "NoneType: None\n"}, "timestamp": "2025-09-20T14:08:30.993924"}
2025-09-20 14:08:30,993 [SCIENTIFIC] scientific.error_handling: ERROR_EVENT: {"error_type": "VALUE_ERROR", "error_message": "Invalid data format", "context": {"error_id": "0b93ebe3-e7eb-44a3-85e8-efed9a998d7b", "path": "/process", "method": "POST", "traceback": "NoneType: None\n"}, "timestamp": "2025-09-20T14:08:30.993924"}
2025-09-20 14:08:30,993 [SCIENTIFIC] scientific.error_handling: ERROR_EVENT: {"error_type": "VALUE_ERROR", "error_message": "Invalid data format", "context": {"error_id": "0b93ebe3-e7eb-44a3-85e8-efed9a998d7b", "path": "/process", "method": "POST", "traceback": "NoneType: None\n"}, "timestamp": "2025-09-20T14:08:30.993924"}
2025-09-20 14:08:30,993 [SCIENTIFIC] scientific.error_handling: ERROR_EVENT: {"error_type": "VALUE_ERROR", "error_message": "Invalid data format", "context": {"error_id": "0b93ebe3-e7eb-44a3-85e8-efed9a998d7b", "path": "/process", "method": "POST", "traceback": "NoneType: None\n"}, "timestamp": "2025-09-20T14:08:30.993924"}
2025-09-20 14:08:30,993 [SCIENTIFIC] scientific.error_handling: ERROR_EVENT: {"error_type": "VALUE_ERROR", "error_message": "Invalid data format", "context": {"error_id": "0b93ebe3-e7eb-44a3-85e8-efed9a998d7b", "path": "/process", "method": "POST", "traceback": "NoneType: None\n"}, "timestamp": "2025-09-20T14:08:30.993924"}
2025-09-20 14:08:31,010 [SCIENTIFIC] scientific.error_handling: QUALITY_METRICS: {"data": "error_statistics", "quality_metrics": {"error_type": "test_error", "count": 1, "unit": "count"}, "timestamp": "2025-09-20T14:08:31.010202"}
2025-09-20 14:08:31,010 [SCIENTIFIC] scientific.error_handling: QUALITY_METRICS: {"data": "error_statistics", "quality_metrics": {"error_type": "test_error", "count": 1, "unit": "count"}, "timestamp": "2025-09-20T14:08:31.010202"}
2025-09-20 14:08:31,010 [SCIENTIFIC] scientific.error_handling: QUALITY_METRICS: {"data": "error_statistics", "quality_metrics": {"error_type": "test_error", "count": 1, "unit": "count"}, "timestamp": "2025-09-20T14:08:31.010202"}
2025-09-20 14:08:31,010 [SCIENTIFIC] scientific.error_handling: QUALITY_METRICS: {"data": "error_statistics", "quality_metrics": {"error_type": "test_error", "count": 1, "unit": "count"}, "timestamp": "2025-09-20T14:08:31.010202"}
2025-09-20 14:08:31,010 [SCIENTIFIC] scientific.error_handling: QUALITY_METRICS: {"data": "error_statistics", "quality_metrics": {"error_type": "test_error", "count": 1, "unit": "count"}, "timestamp": "2025-09-20T14:08:31.010202"}
2025-09-20 14:08:31,010 [SCIENTIFIC] scientific.error_handling: QUALITY_METRICS: {"data": "error_statistics", "quality_metrics": {"error_type": "test_error", "count": 1, "unit": "count"}, "timestamp": "2025-09-20T14:08:31.010202"}
2025-09-20 14:08:31,010 [SCIENTIFIC] scientific.error_handling: QUALITY_METRICS: {"data": "error_statistics", "quality_metrics": {"error_type": "test_error", "count": 1, "unit": "count"}, "timestamp": "2025-09-20T14:08:31.010202"}
2025-09-20 14:08:31,010 [SCIENTIFIC] scientific.error_handling: QUALITY_METRICS: {"data": "error_statistics", "quality_metrics": {"error_type": "test_error", "count": 1, "unit": "count"}, "timestamp": "2025-09-20T14:08:31.010202"}
2025-09-20 14:08:31,010 [SCIENTIFIC] scientific.error_handling: QUALITY_METRICS: {"data": "error_statistics", "quality_metrics": {"error_type": "test_error", "count": 1, "unit": "count"}, "timestamp": "2025-09-20T14:08:31.010202"}
2025-09-20 14:08:31,031 [SCIENTIFIC] scientific.error_handling: ERROR_EVENT: {"error_type": "RAISED_HTTP_ERROR", "error_message": "HTTP 400: Bad Request", "context": {"status_code": 400, "detail": "Bad Request", "error_id": "22f3eca9-338b-4220-be92-a89d3c1a4e5f", "context": {"field": "test"}}, "timestamp": "2025-09-20T14:08:31.031392"}
2025-09-20 14:08:31,031 [SCIENTIFIC] scientific.error_handling: ERROR_EVENT: {"error_type": "RAISED_HTTP_ERROR", "error_message": "HTTP 400: Bad Request", "context": {"status_code": 400, "detail": "Bad Request", "error_id": "22f3eca9-338b-4220-be92-a89d3c1a4e5f", "context": {"field": "test"}}, "timestamp": "2025-09-20T14:08:31.031392"}
2025-09-20 14:08:31,031 [SCIENTIFIC] scientific.error_handling: ERROR_EVENT: {"error_type": "RAISED_HTTP_ERROR", "error_message": "HTTP 400: Bad Request", "context": {"status_code": 400, "detail": "Bad Request", "error_id": "22f3eca9-338b-4220-be92-a89d3c1a4e5f", "context": {"field": "test"}}, "timestamp": "2025-09-20T14:08:31.031392"}
2025-09-20 14:08:31,031 [SCIENTIFIC] scientific.error_handling: ERROR_EVENT: {"error_type": "RAISED_HTTP_ERROR", "error_message": "HTTP 400: Bad Request", "context": {"status_code": 400, "detail": "Bad Request", "error_id": "22f3eca9-338b-4220-be92-a89d3c1a4e5f", "context": {"field": "test"}}, "timestamp": "2025-09-20T14:08:31.031392"}
2025-09-20 14:08:31,031 [SCIENTIFIC] scientific.error_handling: ERROR_EVENT: {"error_type": "RAISED_HTTP_ERROR", "error_message": "HTTP 400: Bad Request", "context": {"status_code": 400, "detail": "Bad Request", "error_id": "22f3eca9-338b-4220-be92-a89d3c1a4e5f", "context": {"field": "test"}}, "timestamp": "2025-09-20T14:08:31.031392"}
2025-09-20 14:08:31,031 [SCIENTIFIC] scientific.error_handling: ERROR_EVENT: {"error_type": "RAISED_HTTP_ERROR", "error_message": "HTTP 400: Bad Request", "context": {"status_code": 400, "detail": "Bad Request", "error_id": "22f3eca9-338b-4220-be92-a89d3c1a4e5f", "context": {"field": "test"}}, "timestamp": "2025-09-20T14:08:31.031392"}
2025-09-20 14:08:31,031 [SCIENTIFIC] scientific.error_handling: ERROR_EVENT: {"error_type": "RAISED_HTTP_ERROR", "error_message": "HTTP 400: Bad Request", "context": {"status_code": 400, "detail": "Bad Request", "error_id": "22f3eca9-338b-4220-be92-a89d3c1a4e5f", "context": {"field": "test"}}, "timestamp": "2025-09-20T14:08:31.031392"}
2025-09-20 14:08:31,031 [SCIENTIFIC] scientific.error_handling: ERROR_EVENT: {"error_type": "RAISED_HTTP_ERROR", "error_message": "HTTP 400: Bad Request", "context": {"status_code": 400, "detail": "Bad Request", "error_id": "22f3eca9-338b-4220-be92-a89d3c1a4e5f", "context": {"field": "test"}}, "timestamp": "2025-09-20T14:08:31.031392"}
2025-09-20 14:08:31,031 [SCIENTIFIC] scientific.error_handling: ERROR_EVENT: {"error_type": "RAISED_HTTP_ERROR", "error_message": "HTTP 400: Bad Request", "context": {"status_code": 400, "detail": "Bad Request", "error_id": "22f3eca9-338b-4220-be92-a89d3c1a4e5f", "context": {"field": "test"}}, "timestamp": "2025-09-20T14:08:31.031392"}
2025-09-20 14:08:31,031 [SCIENTIFIC] scientific.error_handling: ERROR_EVENT: {"error_type": "RAISED_HTTP_ERROR", "error_message": "HTTP 400: Bad Request", "context": {"status_code": 400, "detail": "Bad Request", "error_id": "22f3eca9-338b-4220-be92-a89d3c1a4e5f", "context": {"field": "test"}}, "timestamp": "2025-09-20T14:08:31.031392"}
2025-09-20 14:08:31,031 [SCIENTIFIC] scientific.error_handling: ERROR_EVENT: {"error_type": "RAISED_HTTP_ERROR", "error_message": "HTTP 400: Bad Request", "context": {"status_code": 400, "detail": "Bad Request", "error_id": "22f3eca9-338b-4220-be92-a89d3c1a4e5f", "context": {"field": "test"}}, "timestamp": "2025-09-20T14:08:31.031392"}
2025-09-20 14:08:31,031 [SCIENTIFIC] scientific.error_handling: ERROR_EVENT: {"error_type": "RAISED_HTTP_ERROR", "error_message": "HTTP 400: Bad Request", "context": {"status_code": 400, "detail": "Bad Request", "error_id": "22f3eca9-338b-4220-be92-a89d3c1a4e5f", "context": {"field": "test"}}, "timestamp": "2025-09-20T14:08:31.031392"}
2025-09-20 14:08:31,031 [SCIENTIFIC] scientific.error_handling: ERROR_EVENT: {"error_type": "RAISED_HTTP_ERROR", "error_message": "HTTP 400: Bad Request", "context": {"status_code": 400, "detail": "Bad Request", "error_id": "22f3eca9-338b-4220-be92-a89d3c1a4e5f", "context": {"field": "test"}}, "timestamp": "2025-09-20T14:08:31.031392"}
2025-09-20 14:08:31,032 [SCIENTIFIC] scientific.error_handling: ERROR_EVENT: {"error_type": "RAISED_VALIDATION_ERROR", "error_message": "Validation failed for field 'email': Invalid email format", "context": {"field_name": "email", "message": "Invalid email format", "error_id": "c309549d-b1d0-439c-a58f-b434ef5ec88b", "context": {}}, "timestamp": "2025-09-20T14:08:31.032198"}
2025-09-20 14:08:31,032 [SCIENTIFIC] scientific.error_handling: ERROR_EVENT: {"error_type": "RAISED_VALIDATION_ERROR", "error_message": "Validation failed for field 'email': Invalid email format", "context": {"field_name": "email", "message": "Invalid email format", "error_id": "c309549d-b1d0-439c-a58f-b434ef5ec88b", "context": {}}, "timestamp": "2025-09-20T14:08:31.032198"}
2025-09-20 14:08:31,032 [SCIENTIFIC] scientific.error_handling: ERROR_EVENT: {"error_type": "RAISED_VALIDATION_ERROR", "error_message": "Validation failed for field 'email': Invalid email format", "context": {"field_name": "email", "message": "Invalid email format", "error_id": "c309549d-b1d0-439c-a58f-b434ef5ec88b", "context": {}}, "timestamp": "2025-09-20T14:08:31.032198"}
2025-09-20 14:08:31,032 [SCIENTIFIC] scientific.error_handling: ERROR_EVENT: {"error_type": "RAISED_VALIDATION_ERROR", "error_message": "Validation failed for field 'email': Invalid email format", "context": {"field_name": "email", "message": "Invalid email format", "error_id": "c309549d-b1d0-439c-a58f-b434ef5ec88b", "context": {}}, "timestamp": "2025-09-20T14:08:31.032198"}
2025-09-20 14:08:31,032 [SCIENTIFIC] scientific.error_handling: ERROR_EVENT: {"error_type": "RAISED_VALIDATION_ERROR", "error_message": "Validation failed for field 'email': Invalid email format", "context": {"field_name": "email", "message": "Invalid email format", "error_id": "c309549d-b1d0-439c-a58f-b434ef5ec88b", "context": {}}, "timestamp": "2025-09-20T14:08:31.032198"}
2025-09-20 14:08:31,032 [SCIENTIFIC] scientific.error_handling: ERROR_EVENT: {"error_type": "RAISED_VALIDATION_ERROR", "error_message": "Validation failed for field 'email': Invalid email format", "context": {"field_name": "email", "message": "Invalid email format", "error_id": "c309549d-b1d0-439c-a58f-b434ef5ec88b", "context": {}}, "timestamp": "2025-09-20T14:08:31.032198"}
2025-09-20 14:08:31,032 [SCIENTIFIC] scientific.error_handling: ERROR_EVENT: {"error_type": "RAISED_VALIDATION_ERROR", "error_message": "Validation failed for field 'email': Invalid email format", "context": {"field_name": "email", "message": "Invalid email format", "error_id": "c309549d-b1d0-439c-a58f-b434ef5ec88b", "context": {}}, "timestamp": "2025-09-20T14:08:31.032198"}
2025-09-20 14:08:31,032 [SCIENTIFIC] scientific.error_handling: ERROR_EVENT: {"error_type": "RAISED_VALIDATION_ERROR", "error_message": "Validation failed for field 'email': Invalid email format", "context": {"field_name": "email", "message": "Invalid email format", "error_id": "c309549d-b1d0-439c-a58f-b434ef5ec88b", "context": {}}, "timestamp": "2025-09-20T14:08:31.032198"}
2025-09-20 14:08:31,032 [SCIENTIFIC] scientific.error_handling: ERROR_EVENT: {"error_type": "RAISED_VALIDATION_ERROR", "error_message": "Validation failed for field 'email': Invalid email format", "context": {"field_name": "email", "message": "Invalid email format", "error_id": "c309549d-b1d0-439c-a58f-b434ef5ec88b", "context": {}}, "timestamp": "2025-09-20T14:08:31.032198"}
2025-09-20 14:08:31,032 [SCIENTIFIC] scientific.error_handling: ERROR_EVENT: {"error_type": "RAISED_VALIDATION_ERROR", "error_message": "Validation failed for field 'email': Invalid email format", "context": {"field_name": "email", "message": "Invalid email format", "error_id": "c309549d-b1d0-439c-a58f-b434ef5ec88b", "context": {}}, "timestamp": "2025-09-20T14:08:31.032198"}
2025-09-20 14:08:31,032 [SCIENTIFIC] scientific.error_handling: ERROR_EVENT: {"error_type": "RAISED_VALIDATION_ERROR", "error_message": "Validation failed for field 'email': Invalid email format", "context": {"field_name": "email", "message": "Invalid email format", "error_id": "c309549d-b1d0-439c-a58f-b434ef5ec88b", "context": {}}, "timestamp": "2025-09-20T14:08:31.032198"}
2025-09-20 14:08:31,032 [SCIENTIFIC] scientific.error_handling: ERROR_EVENT: {"error_type": "RAISED_VALIDATION_ERROR", "error_message": "Validation failed for field 'email': Invalid email format", "context": {"field_name": "email", "message": "Invalid email format", "error_id": "c309549d-b1d0-439c-a58f-b434ef5ec88b", "context": {}}, "timestamp": "2025-09-20T14:08:31.032198"}
2025-09-20 14:08:31,032 [SCIENTIFIC] scientific.error_handling: ERROR_EVENT: {"error_type": "RAISED_VALIDATION_ERROR", "error_message": "Validation failed for field 'email': Invalid email format", "context": {"field_name": "email", "message": "Invalid email format", "error_id": "c309549d-b1d0-439c-a58f-b434ef5ec88b", "context": {}}, "timestamp": "2025-09-20T14:08:31.032198"}
2025-09-20 14:08:31,032 [SCIENTIFIC] scientific.error_handling: ERROR_EVENT: {"error_type": "RAISED_VALIDATION_ERROR", "error_message": "Validation failed for field 'email': Invalid email format", "context": {"field_name": "email", "message": "Invalid email format", "error_id": "c309549d-b1d0-439c-a58f-b434ef5ec88b", "context": {}}, "timestamp": "2025-09-20T14:08:31.032198"}
2025-09-20 14:08:31,034 [SCIENTIFIC] scientific.error_handling: ERROR_EVENT: {"error_type": "HTTP_EXCEPTION", "error_message": "HTTP 400: Test error", "context": {"status_code": 400, "detail": "Test error", "error_id": "38fa736c-d3ee-4c31-af62-a74d6a9a10c2", "path": "/test", "method": "GET"}, "timestamp": "2025-09-20T14:08:31.034133"}
2025-09-20 14:08:31,034 [SCIENTIFIC] scientific.error_handling: ERROR_EVENT: {"error_type": "HTTP_EXCEPTION", "error_message": "HTTP 400: Test error", "context": {"status_code": 400, "detail": "Test error", "error_id": "38fa736c-d3ee-4c31-af62-a74d6a9a10c2", "path": "/test", "method": "GET"}, "timestamp": "2025-09-20T14:08:31.034133"}
2025-09-20 14:08:31,034 [SCIENTIFIC] scientific.error_handling: ERROR_EVENT: {"error_type": "HTTP_EXCEPTION", "error_message": "HTTP 400: Test error", "context": {"status_code": 400, "detail": "Test error", "error_id": "38fa736c-d3ee-4c31-af62-a74d6a9a10c2", "path": "/test", "method": "GET"}, "timestamp": "2025-09-20T14:08:31.034133"}
2025-09-20 14:08:31,034 [SCIENTIFIC] scientific.error_handling: ERROR_EVENT: {"error_type": "HTTP_EXCEPTION", "error_message": "HTTP 400: Test error", "context": {"status_code": 400, "detail": "Test error", "error_id": "38fa736c-d3ee-4c31-af62-a74d6a9a10c2", "path": "/test", "method": "GET"}, "timestamp": "2025-09-20T14:08:31.034133"}
2025-09-20 14:08:31,034 [SCIENTIFIC] scientific.error_handling: ERROR_EVENT: {"error_type": "HTTP_EXCEPTION", "error_message": "HTTP 400: Test error", "context": {"status_code": 400, "detail": "Test error", "error_id": "38fa736c-d3ee-4c31-af62-a74d6a9a10c2", "path": "/test", "method": "GET"}, "timestamp": "2025-09-20T14:08:31.034133"}
2025-09-20 14:08:31,034 [SCIENTIFIC] scientific.error_handling: ERROR_EVENT: {"error_type": "HTTP_EXCEPTION", "error_message": "HTTP 400: Test error", "context": {"status_code": 400, "detail": "Test error", "error_id": "38fa736c-d3ee-4c31-af62-a74d6a9a10c2", "path": "/test", "method": "GET"}, "timestamp": "2025-09-20T14:08:31.034133"}
2025-09-20 14:08:31,034 [SCIENTIFIC] scientific.error_handling: ERROR_EVENT: {"error_type": "HTTP_EXCEPTION", "error_message": "HTTP 400: Test error", "context": {"status_code": 400, "detail": "Test error", "error_id": "38fa736c-d3ee-4c31-af62-a74d6a9a10c2", "path": "/test", "method": "GET"}, "timestamp": "2025-09-20T14:08:31.034133"}
2025-09-20 14:08:31,034 [SCIENTIFIC] scientific.error_handling: ERROR_EVENT: {"error_type": "HTTP_EXCEPTION", "error_message": "HTTP 400: Test error", "context": {"status_code": 400, "detail": "Test error", "error_id": "38fa736c-d3ee-4c31-af62-a74d6a9a10c2", "path": "/test", "method": "GET"}, "timestamp": "2025-09-20T14:08:31.034133"}
2025-09-20 14:08:31,034 [SCIENTIFIC] scientific.error_handling: ERROR_EVENT: {"error_type": "HTTP_EXCEPTION", "error_message": "HTTP 400: Test error", "context": {"status_code": 400, "detail": "Test error", "error_id": "38fa736c-d3ee-4c31-af62-a74d6a9a10c2", "path": "/test", "method": "GET"}, "timestamp": "2025-09-20T14:08:31.034133"}
2025-09-20 14:08:31,034 [SCIENTIFIC] scientific.error_handling: ERROR_EVENT: {"error_type": "HTTP_EXCEPTION", "error_message": "HTTP 400: Test error", "context": {"status_code": 400, "detail": "Test error", "error_id": "38fa736c-d3ee-4c31-af62-a74d6a9a10c2", "path": "/test", "method": "GET"}, "timestamp": "2025-09-20T14:08:31.034133"}
2025-09-20 14:08:31,034 [SCIENTIFIC] scientific.error_handling: ERROR_EVENT: {"error_type": "HTTP_EXCEPTION", "error_message": "HTTP 400: Test error", "context": {"status_code": 400, "detail": "Test error", "error_id": "38fa736c-d3ee-4c31-af62-a74d6a9a10c2", "path": "/test", "method": "GET"}, "timestamp": "2025-09-20T14:08:31.034133"}
2025-09-20 14:08:31,034 [SCIENTIFIC] scientific.error_handling: ERROR_EVENT: {"error_type": "HTTP_EXCEPTION", "error_message": "HTTP 400: Test error", "context": {"status_code": 400, "detail": "Test error", "error_id": "38fa736c-d3ee-4c31-af62-a74d6a9a10c2", "path": "/test", "method": "GET"}, "timestamp": "2025-09-20T14:08:31.034133"}
2025-09-20 14:08:31,034 [SCIENTIFIC] scientific.error_handling: ERROR_EVENT: {"error_type": "HTTP_EXCEPTION", "error_message": "HTTP 400: Test error", "context": {"status_code": 400, "detail": "Test error", "error_id": "38fa736c-d3ee-4c31-af62-a74d6a9a10c2", "path": "/test", "method": "GET"}, "timestamp": "2025-09-20T14:08:31.034133"}
2025-09-20 14:08:31,034 [SCIENTIFIC] scientific.error_handling: ERROR_EVENT: {"error_type": "HTTP_EXCEPTION", "error_message": "HTTP 400: Test error", "context": {"status_code": 400, "detail": "Test error", "error_id": "38fa736c-d3ee-4c31-af62-a74d6a9a10c2", "path": "/test", "method": "GET"}, "timestamp": "2025-09-20T14:08:31.034133"}
2025-09-20 14:08:31,034 [SCIENTIFIC] scientific.error_handling: ERROR_EVENT: {"error_type": "HTTP_EXCEPTION", "error_message": "HTTP 400: Test error", "context": {"status_code": 400, "detail": "Test error", "error_id": "38fa736c-d3ee-4c31-af62-a74d6a9a10c2", "path": "/test", "method": "GET"}, "timestamp": "2025-09-20T14:08:31.034133"}
2025-09-20 14:08:31,034 [SCIENTIFIC] scientific.error_handling: ERROR_EVENT: {"error_type": "HTTP_EXCEPTION", "error_message": "HTTP 400: Test error", "context": {"status_code": 400, "detail": "Test error", "error_id": "38fa736c-d3ee-4c31-af62-a74d6a9a10c2", "path": "/test", "method": "GET"}, "timestamp": "2025-09-20T14:08:31.034133"}
2025-09-20 14:08:31,060 [SCIENTIFIC] scientific.error_handling: QUALITY_METRICS: {"data": "error_statistics", "quality_metrics": {"error_type": "http_500", "count": 1, "unit": "count"}, "timestamp": "2025-09-20T14:08:31.060228"}
2025-09-20 14:08:31,060 [SCIENTIFIC] scientific.error_handling: QUALITY_METRICS: {"data": "error_statistics", "quality_metrics": {"error_type": "http_500", "count": 1, "unit": "count"}, "timestamp": "2025-09-20T14:08:31.060228"}
2025-09-20 14:08:31,060 [SCIENTIFIC] scientific.error_handling: QUALITY_METRICS: {"data": "error_statistics", "quality_metrics": {"error_type": "http_500", "count": 1, "unit": "count"}, "timestamp": "2025-09-20T14:08:31.060228"}
2025-09-20 14:08:31,060 [SCIENTIFIC] scientific.error_handling: QUALITY_METRICS: {"data": "error_statistics", "quality_metrics": {"error_type": "http_500", "count": 1, "unit": "count"}, "timestamp": "2025-09-20T14:08:31.060228"}
2025-09-20 14:08:31,060 [SCIENTIFIC] scientific.error_handling: QUALITY_METRICS: {"data": "error_statistics", "quality_metrics": {"error_type": "http_500", "count": 1, "unit": "count"}, "timestamp": "2025-09-20T14:08:31.060228"}
2025-09-20 14:08:31,060 [SCIENTIFIC] scientific.error_handling: QUALITY_METRICS: {"data": "error_statistics", "quality_metrics": {"error_type": "http_500", "count": 1, "unit": "count"}, "timestamp": "2025-09-20T14:08:31.060228"}
2025-09-20 14:08:31,060 [SCIENTIFIC] scientific.error_handling: QUALITY_METRICS: {"data": "error_statistics", "quality_metrics": {"error_type": "http_500", "count": 1, "unit": "count"}, "timestamp": "2025-09-20T14:08:31.060228"}
2025-09-20 14:08:31,060 [SCIENTIFIC] scientific.error_handling: QUALITY_METRICS: {"data": "error_statistics", "quality_metrics": {"error_type": "http_500", "count": 1, "unit": "count"}, "timestamp": "2025-09-20T14:08:31.060228"}
2025-09-20 14:08:31,060 [SCIENTIFIC] scientific.error_handling: QUALITY_METRICS: {"data": "error_statistics", "quality_metrics": {"error_type": "http_500", "count": 1, "unit": "count"}, "timestamp": "2025-09-20T14:08:31.060228"}
2025-09-20 14:08:31,060 [SCIENTIFIC] scientific.error_handling: QUALITY_METRICS: {"data": "error_statistics", "quality_metrics": {"error_type": "http_500", "count": 1, "unit": "count"}, "timestamp": "2025-09-20T14:08:31.060228"}
2025-09-20 14:08:31,060 [SCIENTIFIC] scientific.error_handling: QUALITY_METRICS: {"data": "error_statistics", "quality_metrics": {"error_type": "http_500", "count": 1, "unit": "count"}, "timestamp": "2025-09-20T14:08:31.060228"}
2025-09-20 14:08:31,060 [SCIENTIFIC] scientific.error_handling: QUALITY_METRICS: {"data": "error_statistics", "quality_metrics": {"error_type": "http_500", "count": 1, "unit": "count"}, "timestamp": "2025-09-20T14:08:31.060228"}
2025-09-20 14:08:31,060 [SCIENTIFIC] scientific.error_handling: QUALITY_METRICS: {"data": "error_statistics", "quality_metrics": {"error_type": "http_500", "count": 1, "unit": "count"}, "timestamp": "2025-09-20T14:08:31.060228"}
2025-09-20 14:08:31,060 [SCIENTIFIC] scientific.error_handling: QUALITY_METRICS: {"data": "error_statistics", "quality_metrics": {"error_type": "http_500", "count": 1, "unit": "count"}, "timestamp": "2025-09-20T14:08:31.060228"}
2025-09-20 14:08:31,060 [SCIENTIFIC] scientific.error_handling: QUALITY_METRICS: {"data": "error_statistics", "quality_metrics": {"error_type": "http_500", "count": 1, "unit": "count"}, "timestamp": "2025-09-20T14:08:31.060228"}
2025-09-20 14:08:31,060 [SCIENTIFIC] scientific.error_handling: QUALITY_METRICS: {"data": "error_statistics", "quality_metrics": {"error_type": "http_500", "count": 1, "unit": "count"}, "timestamp": "2025-09-20T14:08:31.060228"}
2025-09-20 14:08:31,060 [SCIENTIFIC] scientific.error_handling: QUALITY_METRICS: {"data": "error_statistics", "quality_metrics": {"error_type": "http_500", "count": 1, "unit": "count"}, "timestamp": "2025-09-20T14:08:31.060228"}
2025-09-20 14:08:31,060 [SCIENTIFIC] scientific.error_handling: QUALITY_METRICS: {"data": "error_statistics", "quality_metrics": {"error_type": "http_500", "count": 1, "unit": "count"}, "timestamp": "2025-09-20T14:08:31.060228"}
2025-09-20 14:08:31,060 [SCIENTIFIC] scientific.error_handling: QUALITY_METRICS: {"data": "error_statistics", "quality_metrics": {"error_type": "http_500", "count": 2, "unit": "count"}, "timestamp": "2025-09-20T14:08:31.060432"}
2025-09-20 14:08:31,060 [SCIENTIFIC] scientific.error_handling: QUALITY_METRICS: {"data": "error_statistics", "quality_metrics": {"error_type": "http_500", "count": 2, "unit": "count"}, "timestamp": "2025-09-20T14:08:31.060432"}
2025-09-20 14:08:31,060 [SCIENTIFIC] scientific.error_handling: QUALITY_METRICS: {"data": "error_statistics", "quality_metrics": {"error_type": "http_500", "count": 2, "unit": "count"}, "timestamp": "2025-09-20T14:08:31.060432"}
2025-09-20 14:08:31,060 [SCIENTIFIC] scientific.error_handling: QUALITY_METRICS: {"data": "error_statistics", "quality_metrics": {"error_type": "http_500", "count": 2, "unit": "count"}, "timestamp": "2025-09-20T14:08:31.060432"}
2025-09-20 14:08:31,060 [SCIENTIFIC] scientific.error_handling: QUALITY_METRICS: {"data": "error_statistics", "quality_metrics": {"error_type": "http_500", "count": 2, "unit": "count"}, "timestamp": "2025-09-20T14:08:31.060432"}
2025-09-20 14:08:31,060 [SCIENTIFIC] scientific.error_handling: QUALITY_METRICS: {"data": "error_statistics", "quality_metrics": {"error_type": "http_500", "count": 2, "unit": "count"}, "timestamp": "2025-09-20T14:08:31.060432"}
2025-09-20 14:08:31,060 [SCIENTIFIC] scientific.error_handling: QUALITY_METRICS: {"data": "error_statistics", "quality_metrics": {"error_type": "http_500", "count": 2, "unit": "count"}, "timestamp": "2025-09-20T14:08:31.060432"}
2025-09-20 14:08:31,060 [SCIENTIFIC] scientific.error_handling: QUALITY_METRICS: {"data": "error_statistics", "quality_metrics": {"error_type": "http_500", "count": 2, "unit": "count"}, "timestamp": "2025-09-20T14:08:31.060432"}
2025-09-20 14:08:31,060 [SCIENTIFIC] scientific.error_handling: QUALITY_METRICS: {"data": "error_statistics", "quality_metrics": {"error_type": "http_500", "count": 2, "unit": "count"}, "timestamp": "2025-09-20T14:08:31.060432"}
2025-09-20 14:08:31,060 [SCIENTIFIC] scientific.error_handling: QUALITY_METRICS: {"data": "error_statistics", "quality_metrics": {"error_type": "http_500", "count": 2, "unit": "count"}, "timestamp": "2025-09-20T14:08:31.060432"}
2025-09-20 14:08:31,060 [SCIENTIFIC] scientific.error_handling: QUALITY_METRICS: {"data": "error_statistics", "quality_metrics": {"error_type": "http_500", "count": 2, "unit": "count"}, "timestamp": "2025-09-20T14:08:31.060432"}
2025-09-20 14:08:31,060 [SCIENTIFIC] scientific.error_handling: QUALITY_METRICS: {"data": "error_statistics", "quality_metrics": {"error_type": "http_500", "count": 2, "unit": "count"}, "timestamp": "2025-09-20T14:08:31.060432"}
2025-09-20 14:08:31,060 [SCIENTIFIC] scientific.error_handling: QUALITY_METRICS: {"data": "error_statistics", "quality_metrics": {"error_type": "http_500", "count": 2, "unit": "count"}, "timestamp": "2025-09-20T14:08:31.060432"}
2025-09-20 14:08:31,060 [SCIENTIFIC] scientific.error_handling: QUALITY_METRICS: {"data": "error_statistics", "quality_metrics": {"error_type": "http_500", "count": 2, "unit": "count"}, "timestamp": "2025-09-20T14:08:31.060432"}
2025-09-20 14:08:31,060 [SCIENTIFIC] scientific.error_handling: QUALITY_METRICS: {"data": "error_statistics", "quality_metrics": {"error_type": "http_500", "count": 2, "unit": "count"}, "timestamp": "2025-09-20T14:08:31.060432"}
2025-09-20 14:08:31,060 [SCIENTIFIC] scientific.error_handling: QUALITY_METRICS: {"data": "error_statistics", "quality_metrics": {"error_type": "http_500", "count": 2, "unit": "count"}, "timestamp": "2025-09-20T14:08:31.060432"}
2025-09-20 14:08:31,060 [SCIENTIFIC] scientific.error_handling: QUALITY_METRICS: {"data": "error_statistics", "quality_metrics": {"error_type": "http_500", "count": 2, "unit": "count"}, "timestamp": "2025-09-20T14:08:31.060432"}
2025-09-20 14:08:31,060 [SCIENTIFIC] scientific.error_handling: QUALITY_METRICS: {"data": "error_statistics", "quality_metrics": {"error_type": "http_500", "count": 2, "unit": "count"}, "timestamp": "2025-09-20T14:08:31.060432"}
2025-09-20 14:10:00,205 [SCIENTIFIC] scientific.error_handling: ERROR_EVENT: {"error_type": "HTTP_EXCEPTION", "error_message": "HTTP 404: Not Found", "context": {"status_code": 404, "detail": "Not Found", "error_id": "4110dbfd-bb12-4451-b78a-499899b8a185", "path": "/test", "method": "GET"}, "timestamp": "2025-09-20T14:10:00.205917"}
2025-09-20 14:10:00,205 [SCIENTIFIC] scientific.error_handling: ERROR_EVENT: {"error_type": "HTTP_EXCEPTION", "error_message": "HTTP 404: Not Found", "context": {"status_code": 404, "detail": "Not Found", "error_id": "4110dbfd-bb12-4451-b78a-499899b8a185", "path": "/test", "method": "GET"}, "timestamp": "2025-09-20T14:10:00.205917"}
2025-09-20 14:10:18,717 [SCIENTIFIC] scientific.error_handling: ERROR_EVENT: {"error_type": "HTTP_EXCEPTION", "error_message": "HTTP 404: Not Found", "context": {"status_code": 404, "detail": "Not Found", "error_id": "ce6df2b4-8e4c-4df5-b8a5-29983c286978", "path": "/test", "method": "GET"}, "timestamp": "2025-09-20T14:10:18.717352"}
2025-09-20 14:10:18,717 [SCIENTIFIC] scientific.error_handling: ERROR_EVENT: {"error_type": "HTTP_EXCEPTION", "error_message": "HTTP 404: Not Found", "context": {"status_code": 404, "detail": "Not Found", "error_id": "ce6df2b4-8e4c-4df5-b8a5-29983c286978", "path": "/test", "method": "GET"}, "timestamp": "2025-09-20T14:10:18.717352"}
2025-09-20 14:10:18,717 [SCIENTIFIC] scientific.error_handling: QUALITY_METRICS: {"data": "error_statistics", "quality_metrics": {"error_type": "http_404", "count": 1, "unit": "count"}, "timestamp": "2025-09-20T14:10:18.717649"}
2025-09-20 14:10:18,717 [SCIENTIFIC] scientific.error_handling: QUALITY_METRICS: {"data": "error_statistics", "quality_metrics": {"error_type": "http_404", "count": 1, "unit": "count"}, "timestamp": "2025-09-20T14:10:18.717649"}
2025-09-20 14:10:29,314 [SCIENTIFIC] scientific.error_handling: QUALITY_METRICS: {"data": "error_statistics", "quality_metrics": {"error_type": "http_500", "count": 1, "unit": "count"}, "timestamp": "2025-09-20T14:10:29.314828"}
2025-09-20 14:10:29,314 [SCIENTIFIC] scientific.error_handling: QUALITY_METRICS: {"data": "error_statistics", "quality_metrics": {"error_type": "http_500", "count": 1, "unit": "count"}, "timestamp": "2025-09-20T14:10:29.314828"}
2025-09-20 14:16:27,657 [SCIENTIFIC] scientific.error_handling: ERROR_EVENT: {"error_type": "HTTP_EXCEPTION", "error_message": "HTTP 404: Not Found", "context": {"status_code": 404, "detail": "Not Found", "error_id": "1c3a8f54-49d8-412f-9a5b-924552cbfaf2", "path": "/test", "method": "GET"}, "timestamp": "2025-09-20T14:16:27.657725"}
2025-09-20 14:16:27,657 [SCIENTIFIC] scientific.error_handling: ERROR_EVENT: {"error_type": "HTTP_EXCEPTION", "error_message": "HTTP 404: Not Found", "context": {"status_code": 404, "detail": "Not Found", "error_id": "1c3a8f54-49d8-412f-9a5b-924552cbfaf2", "path": "/test", "method": "GET"}, "timestamp": "2025-09-20T14:16:27.657725"}
2025-09-20 14:16:27,657 [SCIENTIFIC] scientific.error_handling: ERROR_EVENT: {"error_type": "HTTP_EXCEPTION", "error_message": "HTTP 404: Not Found", "context": {"status_code": 404, "detail": "Not Found", "error_id": "1c3a8f54-49d8-412f-9a5b-924552cbfaf2", "path": "/test", "method": "GET"}, "timestamp": "2025-09-20T14:16:27.657725"}
2025-09-20 14:16:27,658 [SCIENTIFIC] scientific.error_handling: QUALITY_METRICS: {"data": "error_statistics", "quality_metrics": {"error_type": "http_404", "count": 1, "unit": "count"}, "timestamp": "2025-09-20T14:16:27.658059"}
2025-09-20 14:16:27,658 [SCIENTIFIC] scientific.error_handling: QUALITY_METRICS: {"data": "error_statistics", "quality_metrics": {"error_type": "http_404", "count": 1, "unit": "count"}, "timestamp": "2025-09-20T14:16:27.658059"}
2025-09-20 14:16:27,658 [SCIENTIFIC] scientific.error_handling: QUALITY_METRICS: {"data": "error_statistics", "quality_metrics": {"error_type": "http_404", "count": 1, "unit": "count"}, "timestamp": "2025-09-20T14:16:27.658059"}
2025-09-20 14:16:27,659 [SCIENTIFIC] scientific.error_handling: ERROR_EVENT: {"error_type": "VALIDATION_ERROR", "error_message": "Request validation failed", "context": {"validation_errors": [{"loc": ["body", "file"], "msg": "field required", "type": "value_error.missing"}], "error_id": "5329e659-c8de-4757-9d68-3810434b3af6", "path": "/upload", "method": "POST"}, "timestamp": "2025-09-20T14:16:27.659404"}
2025-09-20 14:16:27,659 [SCIENTIFIC] scientific.error_handling: ERROR_EVENT: {"error_type": "VALIDATION_ERROR", "error_message": "Request validation failed", "context": {"validation_errors": [{"loc": ["body", "file"], "msg": "field required", "type": "value_error.missing"}], "error_id": "5329e659-c8de-4757-9d68-3810434b3af6", "path": "/upload", "method": "POST"}, "timestamp": "2025-09-20T14:16:27.659404"}
2025-09-20 14:16:27,659 [SCIENTIFIC] scientific.error_handling: ERROR_EVENT: {"error_type": "VALIDATION_ERROR", "error_message": "Request validation failed", "context": {"validation_errors": [{"loc": ["body", "file"], "msg": "field required", "type": "value_error.missing"}], "error_id": "5329e659-c8de-4757-9d68-3810434b3af6", "path": "/upload", "method": "POST"}, "timestamp": "2025-09-20T14:16:27.659404"}
2025-09-20 14:16:27,659 [SCIENTIFIC] scientific.error_handling: ERROR_EVENT: {"error_type": "VALIDATION_ERROR", "error_message": "Request validation failed", "context": {"validation_errors": [{"loc": ["body", "file"], "msg": "field required", "type": "value_error.missing"}], "error_id": "5329e659-c8de-4757-9d68-3810434b3af6", "path": "/upload", "method": "POST"}, "timestamp": "2025-09-20T14:16:27.659404"}
2025-09-20 14:16:27,659 [SCIENTIFIC] scientific.error_handling: QUALITY_METRICS: {"data": "error_statistics", "quality_metrics": {"error_type": "validation_error", "count": 1, "unit": "count"}, "timestamp": "2025-09-20T14:16:27.659599"}
2025-09-20 14:16:27,659 [SCIENTIFIC] scientific.error_handling: QUALITY_METRICS: {"data": "error_statistics", "quality_metrics": {"error_type": "validation_error", "count": 1, "unit": "count"}, "timestamp": "2025-09-20T14:16:27.659599"}
2025-09-20 14:16:27,659 [SCIENTIFIC] scientific.error_handling: QUALITY_METRICS: {"data": "error_statistics", "quality_metrics": {"error_type": "validation_error", "count": 1, "unit": "count"}, "timestamp": "2025-09-20T14:16:27.659599"}
2025-09-20 14:16:27,659 [SCIENTIFIC] scientific.error_handling: QUALITY_METRICS: {"data": "error_statistics", "quality_metrics": {"error_type": "validation_error", "count": 1, "unit": "count"}, "timestamp": "2025-09-20T14:16:27.659599"}
2025-09-20 14:16:27,661 [SCIENTIFIC] scientific.error_handling: ERROR_EVENT: {"error_type": "VALUE_ERROR", "error_message": "Invalid data format", "context": {"error_id": "e910def9-07a4-4128-a6b3-c3e07c1ca3ae", "path": "/process", "method": "POST", "traceback": "NoneType: None\n"}, "timestamp": "2025-09-20T14:16:27.660997"}
2025-09-20 14:16:27,661 [SCIENTIFIC] scientific.error_handling: ERROR_EVENT: {"error_type": "VALUE_ERROR", "error_message": "Invalid data format", "context": {"error_id": "e910def9-07a4-4128-a6b3-c3e07c1ca3ae", "path": "/process", "method": "POST", "traceback": "NoneType: None\n"}, "timestamp": "2025-09-20T14:16:27.660997"}
2025-09-20 14:16:27,661 [SCIENTIFIC] scientific.error_handling: ERROR_EVENT: {"error_type": "VALUE_ERROR", "error_message": "Invalid data format", "context": {"error_id": "e910def9-07a4-4128-a6b3-c3e07c1ca3ae", "path": "/process", "method": "POST", "traceback": "NoneType: None\n"}, "timestamp": "2025-09-20T14:16:27.660997"}
2025-09-20 14:16:27,661 [SCIENTIFIC] scientific.error_handling: ERROR_EVENT: {"error_type": "VALUE_ERROR", "error_message": "Invalid data format", "context": {"error_id": "e910def9-07a4-4128-a6b3-c3e07c1ca3ae", "path": "/process", "method": "POST", "traceback": "NoneType: None\n"}, "timestamp": "2025-09-20T14:16:27.660997"}
2025-09-20 14:16:27,661 [SCIENTIFIC] scientific.error_handling: ERROR_EVENT: {"error_type": "VALUE_ERROR", "error_message": "Invalid data format", "context": {"error_id": "e910def9-07a4-4128-a6b3-c3e07c1ca3ae", "path": "/process", "method": "POST", "traceback": "NoneType: None\n"}, "timestamp": "2025-09-20T14:16:27.660997"}
2025-09-20 14:16:27,661 [SCIENTIFIC] scientific.error_handling: QUALITY_METRICS: {"data": "error_statistics", "quality_metrics": {"error_type": "value_error", "count": 1, "unit": "count"}, "timestamp": "2025-09-20T14:16:27.661162"}
2025-09-20 14:16:27,661 [SCIENTIFIC] scientific.error_handling: QUALITY_METRICS: {"data": "error_statistics", "quality_metrics": {"error_type": "value_error", "count": 1, "unit": "count"}, "timestamp": "2025-09-20T14:16:27.661162"}
2025-09-20 14:16:27,661 [SCIENTIFIC] scientific.error_handling: QUALITY_METRICS: {"data": "error_statistics", "quality_metrics": {"error_type": "value_error", "count": 1, "unit": "count"}, "timestamp": "2025-09-20T14:16:27.661162"}
2025-09-20 14:16:27,661 [SCIENTIFIC] scientific.error_handling: QUALITY_METRICS: {"data": "error_statistics", "quality_metrics": {"error_type": "value_error", "count": 1, "unit": "count"}, "timestamp": "2025-09-20T14:16:27.661162"}
2025-09-20 14:16:27,661 [SCIENTIFIC] scientific.error_handling: QUALITY_METRICS: {"data": "error_statistics", "quality_metrics": {"error_type": "value_error", "count": 1, "unit": "count"}, "timestamp": "2025-09-20T14:16:27.661162"}
2025-09-20 14:16:27,662 [SCIENTIFIC] scientific.error_handling: ERROR_EVENT: {"error_type": "KEY_ERROR", "error_message": "Missing key: 'missing_column'", "context": {"missing_key": "'missing_column'", "error_id": "962b3fa1-750d-4495-a423-5f554f5a28c0", "path": "/datasets", "method": "GET", "traceback": "NoneType: None\n"}, "timestamp": "2025-09-20T14:16:27.662449"}
2025-09-20 14:16:27,662 [SCIENTIFIC] scientific.error_handling: ERROR_EVENT: {"error_type": "KEY_ERROR", "error_message": "Missing key: 'missing_column'", "context": {"missing_key": "'missing_column'", "error_id": "962b3fa1-750d-4495-a423-5f554f5a28c0", "path": "/datasets", "method": "GET", "traceback": "NoneType: None\n"}, "timestamp": "2025-09-20T14:16:27.662449"}
2025-09-20 14:16:27,662 [SCIENTIFIC] scientific.error_handling: ERROR_EVENT: {"error_type": "KEY_ERROR", "error_message": "Missing key: 'missing_column'", "context": {"missing_key": "'missing_column'", "error_id": "962b3fa1-750d-4495-a423-5f554f5a28c0", "path": "/datasets", "method": "GET", "traceback": "NoneType: None\n"}, "timestamp": "2025-09-20T14:16:27.662449"}
2025-09-20 14:16:27,662 [SCIENTIFIC] scientific.error_handling: ERROR_EVENT: {"error_type": "KEY_ERROR", "error_message": "Missing key: 'missing_column'", "context": {"missing_key": "'missing_column'", "error_id": "962b3fa1-750d-4495-a423-5f554f5a28c0", "path": "/datasets", "method": "GET", "traceback": "NoneType: None\n"}, "timestamp": "2025-09-20T14:16:27.662449"}
2025-09-20 14:16:27,662 [SCIENTIFIC] scientific.error_handling: ERROR_EVENT: {"error_type": "KEY_ERROR", "error_message": "Missing key: 'missing_column'", "context": {"missing_key": "'missing_column'", "error_id": "962b3fa1-750d-4495-a423-5f554f5a28c0", "path": "/datasets", "method": "GET", "traceback": "NoneType: None\n"}, "timestamp": "2025-09-20T14:16:27.662449"}
2025-09-20 14:16:27,662 [SCIENTIFIC] scientific.error_handling: ERROR_EVENT: {"error_type": "KEY_ERROR", "error_message": "Missing key: 'missing_column'", "context": {"missing_key": "'missing_column'", "error_id": "962b3fa1-750d-4495-a423-5f554f5a28c0", "path": "/datasets", "method": "GET", "traceback": "NoneType: None\n"}, "timestamp": "2025-09-20T14:16:27.662449"}
2025-09-20 14:16:27,662 [SCIENTIFIC] scientific.error_handling: QUALITY_METRICS: {"data": "error_statistics", "quality_metrics": {"error_type": "key_error", "count": 1, "unit": "count"}, "timestamp": "2025-09-20T14:16:27.662646"}
2025-09-20 14:16:27,662 [SCIENTIFIC] scientific.error_handling: QUALITY_METRICS: {"data": "error_statistics", "quality_metrics": {"error_type": "key_error", "count": 1, "unit": "count"}, "timestamp": "2025-09-20T14:16:27.662646"}
2025-09-20 14:16:27,662 [SCIENTIFIC] scientific.error_handling: QUALITY_METRICS: {"data": "error_statistics", "quality_metrics": {"error_type": "key_error", "count": 1, "unit": "count"}, "timestamp": "2025-09-20T14:16:27.662646"}
2025-09-20 14:16:27,662 [SCIENTIFIC] scientific.error_handling: QUALITY_METRICS: {"data": "error_statistics", "quality_metrics": {"error_type": "key_error", "count": 1, "unit": "count"}, "timestamp": "2025-09-20T14:16:27.662646"}
2025-09-20 14:16:27,662 [SCIENTIFIC] scientific.error_handling: QUALITY_METRICS: {"data": "error_statistics", "quality_metrics": {"error_type": "key_error", "count": 1, "unit": "count"}, "timestamp": "2025-09-20T14:16:27.662646"}
2025-09-20 14:16:27,662 [SCIENTIFIC] scientific.error_handling: QUALITY_METRICS: {"data": "error_statistics", "quality_metrics": {"error_type": "key_error", "count": 1, "unit": "count"}, "timestamp": "2025-09-20T14:16:27.662646"}
2025-09-20 14:16:27,664 [SCIENTIFIC] scientific.error_handling: ERROR_EVENT: {"error_type": "GENERAL_EXCEPTION", "error_message": "Database connection failed", "context": {"exception_type": "RuntimeError", "error_id": "fe4f439f-0eb6-41dd-9aa1-ee6b90bec9dd", "path": "/api/data", "method": "GET", "traceback": "NoneType: None\n"}, "timestamp": "2025-09-20T14:16:27.664053"}
2025-09-20 14:16:27,664 [SCIENTIFIC] scientific.error_handling: ERROR_EVENT: {"error_type": "GENERAL_EXCEPTION", "error_message": "Database connection failed", "context": {"exception_type": "RuntimeError", "error_id": "fe4f439f-0eb6-41dd-9aa1-ee6b90bec9dd", "path": "/api/data", "method": "GET", "traceback": "NoneType: None\n"}, "timestamp": "2025-09-20T14:16:27.664053"}
2025-09-20 14:16:27,664 [SCIENTIFIC] scientific.error_handling: ERROR_EVENT: {"error_type": "GENERAL_EXCEPTION", "error_message": "Database connection failed", "context": {"exception_type": "RuntimeError", "error_id": "fe4f439f-0eb6-41dd-9aa1-ee6b90bec9dd", "path": "/api/data", "method": "GET", "traceback": "NoneType: None\n"}, "timestamp": "2025-09-20T14:16:27.664053"}
2025-09-20 14:16:27,664 [SCIENTIFIC] scientific.error_handling: ERROR_EVENT: {"error_type": "GENERAL_EXCEPTION", "error_message": "Database connection failed", "context": {"exception_type": "RuntimeError", "error_id": "fe4f439f-0eb6-41dd-9aa1-ee6b90bec9dd", "path": "/api/data", "method": "GET", "traceback": "NoneType: None\n"}, "timestamp": "2025-09-20T14:16:27.664053"}
2025-09-20 14:16:27,664 [SCIENTIFIC] scientific.error_handling: ERROR_EVENT: {"error_type": "GENERAL_EXCEPTION", "error_message": "Database connection failed", "context": {"exception_type": "RuntimeError", "error_id": "fe4f439f-0eb6-41dd-9aa1-ee6b90bec9dd", "path": "/api/data", "method": "GET", "traceback": "NoneType: None\n"}, "timestamp": "2025-09-20T14:16:27.664053"}
2025-09-20 14:16:27,664 [SCIENTIFIC] scientific.error_handling: ERROR_EVENT: {"error_type": "GENERAL_EXCEPTION", "error_message": "Database connection failed", "context": {"exception_type": "RuntimeError", "error_id": "fe4f439f-0eb6-41dd-9aa1-ee6b90bec9dd", "path": "/api/data", "method": "GET", "traceback": "NoneType: None\n"}, "timestamp": "2025-09-20T14:16:27.664053"}
2025-09-20 14:16:27,664 [SCIENTIFIC] scientific.error_handling: ERROR_EVENT: {"error_type": "GENERAL_EXCEPTION", "error_message": "Database connection failed", "context": {"exception_type": "RuntimeError", "error_id": "fe4f439f-0eb6-41dd-9aa1-ee6b90bec9dd", "path": "/api/data", "method": "GET", "traceback": "NoneType: None\n"}, "timestamp": "2025-09-20T14:16:27.664053"}
2025-09-20 14:16:27,664 [SCIENTIFIC] scientific.error_handling: QUALITY_METRICS: {"data": "error_statistics", "quality_metrics": {"error_type": "general_exception", "count": 1, "unit": "count"}, "timestamp": "2025-09-20T14:16:27.664284"}
2025-09-20 14:16:27,664 [SCIENTIFIC] scientific.error_handling: QUALITY_METRICS: {"data": "error_statistics", "quality_metrics": {"error_type": "general_exception", "count": 1, "unit": "count"}, "timestamp": "2025-09-20T14:16:27.664284"}
2025-09-20 14:16:27,664 [SCIENTIFIC] scientific.error_handling: QUALITY_METRICS: {"data": "error_statistics", "quality_metrics": {"error_type": "general_exception", "count": 1, "unit": "count"}, "timestamp": "2025-09-20T14:16:27.664284"}
2025-09-20 14:16:27,664 [SCIENTIFIC] scientific.error_handling: QUALITY_METRICS: {"data": "error_statistics", "quality_metrics": {"error_type": "general_exception", "count": 1, "unit": "count"}, "timestamp": "2025-09-20T14:16:27.664284"}
2025-09-20 14:16:27,664 [SCIENTIFIC] scientific.error_handling: QUALITY_METRICS: {"data": "error_statistics", "quality_metrics": {"error_type": "general_exception", "count": 1, "unit": "count"}, "timestamp": "2025-09-20T14:16:27.664284"}
2025-09-20 14:16:27,664 [SCIENTIFIC] scientific.error_handling: QUALITY_METRICS: {"data": "error_statistics", "quality_metrics": {"error_type": "general_exception", "count": 1, "unit": "count"}, "timestamp": "2025-09-20T14:16:27.664284"}
2025-09-20 14:16:27,664 [SCIENTIFIC] scientific.error_handling: QUALITY_METRICS: {"data": "error_statistics", "quality_metrics": {"error_type": "general_exception", "count": 1, "unit": "count"}, "timestamp": "2025-09-20T14:16:27.664284"}
2025-09-20 14:16:27,665 [SCIENTIFIC] scientific.error_handling: QUALITY_METRICS: {"data": "error_statistics", "quality_metrics": {"error_type": "test_error", "count": 1, "unit": "count"}, "timestamp": "2025-09-20T14:16:27.665655"}
2025-09-20 14:16:27,665 [SCIENTIFIC] scientific.error_handling: QUALITY_METRICS: {"data": "error_statistics", "quality_metrics": {"error_type": "test_error", "count": 1, "unit": "count"}, "timestamp": "2025-09-20T14:16:27.665655"}
2025-09-20 14:16:27,665 [SCIENTIFIC] scientific.error_handling: QUALITY_METRICS: {"data": "error_statistics", "quality_metrics": {"error_type": "test_error", "count": 1, "unit": "count"}, "timestamp": "2025-09-20T14:16:27.665655"}
2025-09-20 14:16:27,665 [SCIENTIFIC] scientific.error_handling: QUALITY_METRICS: {"data": "error_statistics", "quality_metrics": {"error_type": "test_error", "count": 1, "unit": "count"}, "timestamp": "2025-09-20T14:16:27.665655"}
2025-09-20 14:16:27,665 [SCIENTIFIC] scientific.error_handling: QUALITY_METRICS: {"data": "error_statistics", "quality_metrics": {"error_type": "test_error", "count": 1, "unit": "count"}, "timestamp": "2025-09-20T14:16:27.665655"}
2025-09-20 14:16:27,665 [SCIENTIFIC] scientific.error_handling: QUALITY_METRICS: {"data": "error_statistics", "quality_metrics": {"error_type": "test_error", "count": 1, "unit": "count"}, "timestamp": "2025-09-20T14:16:27.665655"}
2025-09-20 14:16:27,665 [SCIENTIFIC] scientific.error_handling: QUALITY_METRICS: {"data": "error_statistics", "quality_metrics": {"error_type": "test_error", "count": 1, "unit": "count"}, "timestamp": "2025-09-20T14:16:27.665655"}
2025-09-20 14:16:27,665 [SCIENTIFIC] scientific.error_handling: QUALITY_METRICS: {"data": "error_statistics", "quality_metrics": {"error_type": "test_error", "count": 1, "unit": "count"}, "timestamp": "2025-09-20T14:16:27.665655"}
2025-09-20 14:16:27,665 [SCIENTIFIC] scientific.error_handling: QUALITY_METRICS: {"data": "error_statistics", "quality_metrics": {"error_type": "test_error", "count": 1, "unit": "count"}, "timestamp": "2025-09-20T14:16:27.665655"}
2025-09-20 14:16:27,669 [SCIENTIFIC] scientific.error_handling: ERROR_EVENT: {"error_type": "RAISED_HTTP_ERROR", "error_message": "HTTP 400: Bad Request", "context": {"status_code": 400, "detail": "Bad Request", "error_id": "2651080a-223c-4e61-8ddf-e8235ac86248", "context": {"field": "test"}}, "timestamp": "2025-09-20T14:16:27.669242"}
2025-09-20 14:16:27,669 [SCIENTIFIC] scientific.error_handling: ERROR_EVENT: {"error_type": "RAISED_HTTP_ERROR", "error_message": "HTTP 400: Bad Request", "context": {"status_code": 400, "detail": "Bad Request", "error_id": "2651080a-223c-4e61-8ddf-e8235ac86248", "context": {"field": "test"}}, "timestamp": "2025-09-20T14:16:27.669242"}
2025-09-20 14:16:27,669 [SCIENTIFIC] scientific.error_handling: ERROR_EVENT: {"error_type": "RAISED_HTTP_ERROR", "error_message": "HTTP 400: Bad Request", "context": {"status_code": 400, "detail": "Bad Request", "error_id": "2651080a-223c-4e61-8ddf-e8235ac86248", "context": {"field": "test"}}, "timestamp": "2025-09-20T14:16:27.669242"}
2025-09-20 14:16:27,669 [SCIENTIFIC] scientific.error_handling: ERROR_EVENT: {"error_type": "RAISED_HTTP_ERROR", "error_message": "HTTP 400: Bad Request", "context": {"status_code": 400, "detail": "Bad Request", "error_id": "2651080a-223c-4e61-8ddf-e8235ac86248", "context": {"field": "test"}}, "timestamp": "2025-09-20T14:16:27.669242"}
2025-09-20 14:16:27,669 [SCIENTIFIC] scientific.error_handling: ERROR_EVENT: {"error_type": "RAISED_HTTP_ERROR", "error_message": "HTTP 400: Bad Request", "context": {"status_code": 400, "detail": "Bad Request", "error_id": "2651080a-223c-4e61-8ddf-e8235ac86248", "context": {"field": "test"}}, "timestamp": "2025-09-20T14:16:27.669242"}
2025-09-20 14:16:27,669 [SCIENTIFIC] scientific.error_handling: ERROR_EVENT: {"error_type": "RAISED_HTTP_ERROR", "error_message": "HTTP 400: Bad Request", "context": {"status_code": 400, "detail": "Bad Request", "error_id": "2651080a-223c-4e61-8ddf-e8235ac86248", "context": {"field": "test"}}, "timestamp": "2025-09-20T14:16:27.669242"}
2025-09-20 14:16:27,669 [SCIENTIFIC] scientific.error_handling: ERROR_EVENT: {"error_type": "RAISED_HTTP_ERROR", "error_message": "HTTP 400: Bad Request", "context": {"status_code": 400, "detail": "Bad Request", "error_id": "2651080a-223c-4e61-8ddf-e8235ac86248", "context": {"field": "test"}}, "timestamp": "2025-09-20T14:16:27.669242"}
2025-09-20 14:16:27,669 [SCIENTIFIC] scientific.error_handling: ERROR_EVENT: {"error_type": "RAISED_HTTP_ERROR", "error_message": "HTTP 400: Bad Request", "context": {"status_code": 400, "detail": "Bad Request", "error_id": "2651080a-223c-4e61-8ddf-e8235ac86248", "context": {"field": "test"}}, "timestamp": "2025-09-20T14:16:27.669242"}
2025-09-20 14:16:27,669 [SCIENTIFIC] scientific.error_handling: ERROR_EVENT: {"error_type": "RAISED_HTTP_ERROR", "error_message": "HTTP 400: Bad Request", "context": {"status_code": 400, "detail": "Bad Request", "error_id": "2651080a-223c-4e61-8ddf-e8235ac86248", "context": {"field": "test"}}, "timestamp": "2025-09-20T14:16:27.669242"}
2025-09-20 14:16:27,669 [SCIENTIFIC] scientific.error_handling: ERROR_EVENT: {"error_type": "RAISED_HTTP_ERROR", "error_message": "HTTP 400: Bad Request", "context": {"status_code": 400, "detail": "Bad Request", "error_id": "2651080a-223c-4e61-8ddf-e8235ac86248", "context": {"field": "test"}}, "timestamp": "2025-09-20T14:16:27.669242"}
2025-09-20 14:16:27,669 [SCIENTIFIC] scientific.error_handling: ERROR_EVENT: {"error_type": "RAISED_HTTP_ERROR", "error_message": "HTTP 400: Bad Request", "context": {"status_code": 400, "detail": "Bad Request", "error_id": "2651080a-223c-4e61-8ddf-e8235ac86248", "context": {"field": "test"}}, "timestamp": "2025-09-20T14:16:27.669242"}
2025-09-20 14:16:27,669 [SCIENTIFIC] scientific.error_handling: ERROR_EVENT: {"error_type": "RAISED_HTTP_ERROR", "error_message": "HTTP 400: Bad Request", "context": {"status_code": 400, "detail": "Bad Request", "error_id": "2651080a-223c-4e61-8ddf-e8235ac86248", "context": {"field": "test"}}, "timestamp": "2025-09-20T14:16:27.669242"}
2025-09-20 14:16:27,669 [SCIENTIFIC] scientific.error_handling: ERROR_EVENT: {"error_type": "RAISED_HTTP_ERROR", "error_message": "HTTP 400: Bad Request", "context": {"status_code": 400, "detail": "Bad Request", "error_id": "2651080a-223c-4e61-8ddf-e8235ac86248", "context": {"field": "test"}}, "timestamp": "2025-09-20T14:16:27.669242"}
2025-09-20 14:16:27,670 [SCIENTIFIC] scientific.error_handling: ERROR_EVENT: {"error_type": "RAISED_VALIDATION_ERROR", "error_message": "Validation failed for field 'email': Invalid email format", "context": {"field_name": "email", "message": "Invalid email format", "error_id": "d7566290-c152-49d7-ae2c-507f4c061f82", "context": {}}, "timestamp": "2025-09-20T14:16:27.670037"}
2025-09-20 14:16:27,670 [SCIENTIFIC] scientific.error_handling: ERROR_EVENT: {"error_type": "RAISED_VALIDATION_ERROR", "error_message": "Validation failed for field 'email': Invalid email format", "context": {"field_name": "email", "message": "Invalid email format", "error_id": "d7566290-c152-49d7-ae2c-507f4c061f82", "context": {}}, "timestamp": "2025-09-20T14:16:27.670037"}
2025-09-20 14:16:27,670 [SCIENTIFIC] scientific.error_handling: ERROR_EVENT: {"error_type": "RAISED_VALIDATION_ERROR", "error_message": "Validation failed for field 'email': Invalid email format", "context": {"field_name": "email", "message": "Invalid email format", "error_id": "d7566290-c152-49d7-ae2c-507f4c061f82", "context": {}}, "timestamp": "2025-09-20T14:16:27.670037"}
2025-09-20 14:16:27,670 [SCIENTIFIC] scientific.error_handling: ERROR_EVENT: {"error_type": "RAISED_VALIDATION_ERROR", "error_message": "Validation failed for field 'email': Invalid email format", "context": {"field_name": "email", "message": "Invalid email format", "error_id": "d7566290-c152-49d7-ae2c-507f4c061f82", "context": {}}, "timestamp": "2025-09-20T14:16:27.670037"}
2025-09-20 14:16:27,670 [SCIENTIFIC] scientific.error_handling: ERROR_EVENT: {"error_type": "RAISED_VALIDATION_ERROR", "error_message": "Validation failed for field 'email': Invalid email format", "context": {"field_name": "email", "message": "Invalid email format", "error_id": "d7566290-c152-49d7-ae2c-507f4c061f82", "context": {}}, "timestamp": "2025-09-20T14:16:27.670037"}
2025-09-20 14:16:27,670 [SCIENTIFIC] scientific.error_handling: ERROR_EVENT: {"error_type": "RAISED_VALIDATION_ERROR", "error_message": "Validation failed for field 'email': Invalid email format", "context": {"field_name": "email", "message": "Invalid email format", "error_id": "d7566290-c152-49d7-ae2c-507f4c061f82", "context": {}}, "timestamp": "2025-09-20T14:16:27.670037"}
2025-09-20 14:16:27,670 [SCIENTIFIC] scientific.error_handling: ERROR_EVENT: {"error_type": "RAISED_VALIDATION_ERROR", "error_message": "Validation failed for field 'email': Invalid email format", "context": {"field_name": "email", "message": "Invalid email format", "error_id": "d7566290-c152-49d7-ae2c-507f4c061f82", "context": {}}, "timestamp": "2025-09-20T14:16:27.670037"}
2025-09-20 14:16:27,670 [SCIENTIFIC] scientific.error_handling: ERROR_EVENT: {"error_type": "RAISED_VALIDATION_ERROR", "error_message": "Validation failed for field 'email': Invalid email format", "context": {"field_name": "email", "message": "Invalid email format", "error_id": "d7566290-c152-49d7-ae2c-507f4c061f82", "context": {}}, "timestamp": "2025-09-20T14:16:27.670037"}
2025-09-20 14:16:27,670 [SCIENTIFIC] scientific.error_handling: ERROR_EVENT: {"error_type": "RAISED_VALIDATION_ERROR", "error_message": "Validation failed for field 'email': Invalid email format", "context": {"field_name": "email", "message": "Invalid email format", "error_id": "d7566290-c152-49d7-ae2c-507f4c061f82", "context": {}}, "timestamp": "2025-09-20T14:16:27.670037"}
2025-09-20 14:16:27,670 [SCIENTIFIC] scientific.error_handling: ERROR_EVENT: {"error_type": "RAISED_VALIDATION_ERROR", "error_message": "Validation failed for field 'email': Invalid email format", "context": {"field_name": "email", "message": "Invalid email format", "error_id": "d7566290-c152-49d7-ae2c-507f4c061f82", "context": {}}, "timestamp": "2025-09-20T14:16:27.670037"}
2025-09-20 14:16:27,670 [SCIENTIFIC] scientific.error_handling: ERROR_EVENT: {"error_type": "RAISED_VALIDATION_ERROR", "error_message": "Validation failed for field 'email': Invalid email format", "context": {"field_name": "email", "message": "Invalid email format", "error_id": "d7566290-c152-49d7-ae2c-507f4c061f82", "context": {}}, "timestamp": "2025-09-20T14:16:27.670037"}
2025-09-20 14:16:27,670 [SCIENTIFIC] scientific.error_handling: ERROR_EVENT: {"error_type": "RAISED_VALIDATION_ERROR", "error_message": "Validation failed for field 'email': Invalid email format", "context": {"field_name": "email", "message": "Invalid email format", "error_id": "d7566290-c152-49d7-ae2c-507f4c061f82", "context": {}}, "timestamp": "2025-09-20T14:16:27.670037"}
2025-09-20 14:16:27,670 [SCIENTIFIC] scientific.error_handling: ERROR_EVENT: {"error_type": "RAISED_VALIDATION_ERROR", "error_message": "Validation failed for field 'email': Invalid email format", "context": {"field_name": "email", "message": "Invalid email format", "error_id": "d7566290-c152-49d7-ae2c-507f4c061f82", "context": {}}, "timestamp": "2025-09-20T14:16:27.670037"}
2025-09-20 14:16:27,670 [SCIENTIFIC] scientific.error_handling: ERROR_EVENT: {"error_type": "RAISED_VALIDATION_ERROR", "error_message": "Validation failed for field 'email': Invalid email format", "context": {"field_name": "email", "message": "Invalid email format", "error_id": "d7566290-c152-49d7-ae2c-507f4c061f82", "context": {}}, "timestamp": "2025-09-20T14:16:27.670037"}
2025-09-20 14:16:27,672 [SCIENTIFIC] scientific.error_handling: ERROR_EVENT: {"error_type": "HTTP_EXCEPTION", "error_message": "HTTP 400: Test error", "context": {"status_code": 400, "detail": "Test error", "error_id": "8bd85779-85be-4040-85a1-edc50975d262", "path": "/test", "method": "GET"}, "timestamp": "2025-09-20T14:16:27.672043"}
2025-09-20 14:16:27,672 [SCIENTIFIC] scientific.error_handling: ERROR_EVENT: {"error_type": "HTTP_EXCEPTION", "error_message": "HTTP 400: Test error", "context": {"status_code": 400, "detail": "Test error", "error_id": "8bd85779-85be-4040-85a1-edc50975d262", "path": "/test", "method": "GET"}, "timestamp": "2025-09-20T14:16:27.672043"}
2025-09-20 14:16:27,672 [SCIENTIFIC] scientific.error_handling: ERROR_EVENT: {"error_type": "HTTP_EXCEPTION", "error_message": "HTTP 400: Test error", "context": {"status_code": 400, "detail": "Test error", "error_id": "8bd85779-85be-4040-85a1-edc50975d262", "path": "/test", "method": "GET"}, "timestamp": "2025-09-20T14:16:27.672043"}
2025-09-20 14:16:27,672 [SCIENTIFIC] scientific.error_handling: ERROR_EVENT: {"error_type": "HTTP_EXCEPTION", "error_message": "HTTP 400: Test error", "context": {"status_code": 400, "detail": "Test error", "error_id": "8bd85779-85be-4040-85a1-edc50975d262", "path": "/test", "method": "GET"}, "timestamp": "2025-09-20T14:16:27.672043"}
2025-09-20 14:16:27,672 [SCIENTIFIC] scientific.error_handling: ERROR_EVENT: {"error_type": "HTTP_EXCEPTION", "error_message": "HTTP 400: Test error", "context": {"status_code": 400, "detail": "Test error", "error_id": "8bd85779-85be-4040-85a1-edc50975d262", "path": "/test", "method": "GET"}, "timestamp": "2025-09-20T14:16:27.672043"}
2025-09-20 14:16:27,672 [SCIENTIFIC] scientific.error_handling: ERROR_EVENT: {"error_type": "HTTP_EXCEPTION", "error_message": "HTTP 400: Test error", "context": {"status_code": 400, "detail": "Test error", "error_id": "8bd85779-85be-4040-85a1-edc50975d262", "path": "/test", "method": "GET"}, "timestamp": "2025-09-20T14:16:27.672043"}
2025-09-20 14:16:27,672 [SCIENTIFIC] scientific.error_handling: ERROR_EVENT: {"error_type": "HTTP_EXCEPTION", "error_message": "HTTP 400: Test error", "context": {"status_code": 400, "detail": "Test error", "error_id": "8bd85779-85be-4040-85a1-edc50975d262", "path": "/test", "method": "GET"}, "timestamp": "2025-09-20T14:16:27.672043"}
2025-09-20 14:16:27,672 [SCIENTIFIC] scientific.error_handling: ERROR_EVENT: {"error_type": "HTTP_EXCEPTION", "error_message": "HTTP 400: Test error", "context": {"status_code": 400, "detail": "Test error", "error_id": "8bd85779-85be-4040-85a1-edc50975d262", "path": "/test", "method": "GET"}, "timestamp": "2025-09-20T14:16:27.672043"}
2025-09-20 14:16:27,672 [SCIENTIFIC] scientific.error_handling: ERROR_EVENT: {"error_type": "HTTP_EXCEPTION", "error_message": "HTTP 400: Test error", "context": {"status_code": 400, "detail": "Test error", "error_id": "8bd85779-85be-4040-85a1-edc50975d262", "path": "/test", "method": "GET"}, "timestamp": "2025-09-20T14:16:27.672043"}
2025-09-20 14:16:27,672 [SCIENTIFIC] scientific.error_handling: ERROR_EVENT: {"error_type": "HTTP_EXCEPTION", "error_message": "HTTP 400: Test error", "context": {"status_code": 400, "detail": "Test error", "error_id": "8bd85779-85be-4040-85a1-edc50975d262", "path": "/test", "method": "GET"}, "timestamp": "2025-09-20T14:16:27.672043"}
2025-09-20 14:16:27,672 [SCIENTIFIC] scientific.error_handling: ERROR_EVENT: {"error_type": "HTTP_EXCEPTION", "error_message": "HTTP 400: Test error", "context": {"status_code": 400, "detail": "Test error", "error_id": "8bd85779-85be-4040-85a1-edc50975d262", "path": "/test", "method": "GET"}, "timestamp": "2025-09-20T14:16:27.672043"}
2025-09-20 14:16:27,672 [SCIENTIFIC] scientific.error_handling: ERROR_EVENT: {"error_type": "HTTP_EXCEPTION", "error_message": "HTTP 400: Test error", "context": {"status_code": 400, "detail": "Test error", "error_id": "8bd85779-85be-4040-85a1-edc50975d262", "path": "/test", "method": "GET"}, "timestamp": "2025-09-20T14:16:27.672043"}
2025-09-20 14:16:27,672 [SCIENTIFIC] scientific.error_handling: ERROR_EVENT: {"error_type": "HTTP_EXCEPTION", "error_message": "HTTP 400: Test error", "context": {"status_code": 400, "detail": "Test error", "error_id": "8bd85779-85be-4040-85a1-edc50975d262", "path": "/test", "method": "GET"}, "timestamp": "2025-09-20T14:16:27.672043"}
2025-09-20 14:16:27,672 [SCIENTIFIC] scientific.error_handling: ERROR_EVENT: {"error_type": "HTTP_EXCEPTION", "error_message": "HTTP 400: Test error", "context": {"status_code": 400, "detail": "Test error", "error_id": "8bd85779-85be-4040-85a1-edc50975d262", "path": "/test", "method": "GET"}, "timestamp": "2025-09-20T14:16:27.672043"}
2025-09-20 14:16:27,672 [SCIENTIFIC] scientific.error_handling: ERROR_EVENT: {"error_type": "HTTP_EXCEPTION", "error_message": "HTTP 400: Test error", "context": {"status_code": 400, "detail": "Test error", "error_id": "8bd85779-85be-4040-85a1-edc50975d262", "path": "/test", "method": "GET"}, "timestamp": "2025-09-20T14:16:27.672043"}
2025-09-20 14:16:27,672 [SCIENTIFIC] scientific.error_handling: ERROR_EVENT: {"error_type": "HTTP_EXCEPTION", "error_message": "HTTP 400: Test error", "context": {"status_code": 400, "detail": "Test error", "error_id": "8bd85779-85be-4040-85a1-edc50975d262", "path": "/test", "method": "GET"}, "timestamp": "2025-09-20T14:16:27.672043"}
2025-09-20 14:16:27,672 [SCIENTIFIC] scientific.error_handling: QUALITY_METRICS: {"data": "error_statistics", "quality_metrics": {"error_type": "http_400", "count": 1, "unit": "count"}, "timestamp": "2025-09-20T14:16:27.672330"}
2025-09-20 14:16:27,672 [SCIENTIFIC] scientific.error_handling: QUALITY_METRICS: {"data": "error_statistics", "quality_metrics": {"error_type": "http_400", "count": 1, "unit": "count"}, "timestamp": "2025-09-20T14:16:27.672330"}
2025-09-20 14:16:27,672 [SCIENTIFIC] scientific.error_handling: QUALITY_METRICS: {"data": "error_statistics", "quality_metrics": {"error_type": "http_400", "count": 1, "unit": "count"}, "timestamp": "2025-09-20T14:16:27.672330"}
2025-09-20 14:16:27,672 [SCIENTIFIC] scientific.error_handling: QUALITY_METRICS: {"data": "error_statistics", "quality_metrics": {"error_type": "http_400", "count": 1, "unit": "count"}, "timestamp": "2025-09-20T14:16:27.672330"}
2025-09-20 14:16:27,672 [SCIENTIFIC] scientific.error_handling: QUALITY_METRICS: {"data": "error_statistics", "quality_metrics": {"error_type": "http_400", "count": 1, "unit": "count"}, "timestamp": "2025-09-20T14:16:27.672330"}
2025-09-20 14:16:27,672 [SCIENTIFIC] scientific.error_handling: QUALITY_METRICS: {"data": "error_statistics", "quality_metrics": {"error_type": "http_400", "count": 1, "unit": "count"}, "timestamp": "2025-09-20T14:16:27.672330"}
2025-09-20 14:16:27,672 [SCIENTIFIC] scientific.error_handling: QUALITY_METRICS: {"data": "error_statistics", "quality_metrics": {"error_type": "http_400", "count": 1, "unit": "count"}, "timestamp": "2025-09-20T14:16:27.672330"}
2025-09-20 14:16:27,672 [SCIENTIFIC] scientific.error_handling: QUALITY_METRICS: {"data": "error_statistics", "quality_metrics": {"error_type": "http_400", "count": 1, "unit": "count"}, "timestamp": "2025-09-20T14:16:27.672330"}
2025-09-20 14:16:27,672 [SCIENTIFIC] scientific.error_handling: QUALITY_METRICS: {"data": "error_statistics", "quality_metrics": {"error_type": "http_400", "count": 1, "unit": "count"}, "timestamp": "2025-09-20T14:16:27.672330"}
2025-09-20 14:16:27,672 [SCIENTIFIC] scientific.error_handling: QUALITY_METRICS: {"data": "error_statistics", "quality_metrics": {"error_type": "http_400", "count": 1, "unit": "count"}, "timestamp": "2025-09-20T14:16:27.672330"}
2025-09-20 14:16:27,672 [SCIENTIFIC] scientific.error_handling: QUALITY_METRICS: {"data": "error_statistics", "quality_metrics": {"error_type": "http_400", "count": 1, "unit": "count"}, "timestamp": "2025-09-20T14:16:27.672330"}
2025-09-20 14:16:27,672 [SCIENTIFIC] scientific.error_handling: QUALITY_METRICS: {"data": "error_statistics", "quality_metrics": {"error_type": "http_400", "count": 1, "unit": "count"}, "timestamp": "2025-09-20T14:16:27.672330"}
2025-09-20 14:16:27,672 [SCIENTIFIC] scientific.error_handling: QUALITY_METRICS: {"data": "error_statistics", "quality_metrics": {"error_type": "http_400", "count": 1, "unit": "count"}, "timestamp": "2025-09-20T14:16:27.672330"}
2025-09-20 14:16:27,672 [SCIENTIFIC] scientific.error_handling: QUALITY_METRICS: {"data": "error_statistics", "quality_metrics": {"error_type": "http_400", "count": 1, "unit": "count"}, "timestamp": "2025-09-20T14:16:27.672330"}
2025-09-20 14:16:27,672 [SCIENTIFIC] scientific.error_handling: QUALITY_METRICS: {"data": "error_statistics", "quality_metrics": {"error_type": "http_400", "count": 1, "unit": "count"}, "timestamp": "2025-09-20T14:16:27.672330"}
2025-09-20 14:16:27,672 [SCIENTIFIC] scientific.error_handling: QUALITY_METRICS: {"data": "error_statistics", "quality_metrics": {"error_type": "http_400", "count": 1, "unit": "count"}, "timestamp": "2025-09-20T14:16:27.672330"}
2025-09-20 14:16:27,672 [SCIENTIFIC] scientific.error_handling: ERROR_EVENT: {"error_type": "HTTP_EXCEPTION", "error_message": "HTTP 400: Test error", "context": {"status_code": 400, "detail": "Test error", "error_id": "22a637a9-4cb7-43ec-bf5e-d25c12b79d64", "path": "/test", "method": "GET"}, "timestamp": "2025-09-20T14:16:27.672483"}
2025-09-20 14:16:27,672 [SCIENTIFIC] scientific.error_handling: ERROR_EVENT: {"error_type": "HTTP_EXCEPTION", "error_message": "HTTP 400: Test error", "context": {"status_code": 400, "detail": "Test error", "error_id": "22a637a9-4cb7-43ec-bf5e-d25c12b79d64", "path": "/test", "method": "GET"}, "timestamp": "2025-09-20T14:16:27.672483"}
2025-09-20 14:16:27,672 [SCIENTIFIC] scientific.error_handling: ERROR_EVENT: {"error_type": "HTTP_EXCEPTION", "error_message": "HTTP 400: Test error", "context": {"status_code": 400, "detail": "Test error", "error_id": "22a637a9-4cb7-43ec-bf5e-d25c12b79d64", "path": "/test", "method": "GET"}, "timestamp": "2025-09-20T14:16:27.672483"}
2025-09-20 14:16:27,672 [SCIENTIFIC] scientific.error_handling: ERROR_EVENT: {"error_type": "HTTP_EXCEPTION", "error_message": "HTTP 400: Test error", "context": {"status_code": 400, "detail": "Test error", "error_id": "22a637a9-4cb7-43ec-bf5e-d25c12b79d64", "path": "/test", "method": "GET"}, "timestamp": "2025-09-20T14:16:27.672483"}
2025-09-20 14:16:27,672 [SCIENTIFIC] scientific.error_handling: ERROR_EVENT: {"error_type": "HTTP_EXCEPTION", "error_message": "HTTP 400: Test error", "context": {"status_code": 400, "detail": "Test error", "error_id": "22a637a9-4cb7-43ec-bf5e-d25c12b79d64", "path": "/test", "method": "GET"}, "timestamp": "2025-09-20T14:16:27.672483"}
2025-09-20 14:16:27,672 [SCIENTIFIC] scientific.error_handling: ERROR_EVENT: {"error_type": "HTTP_EXCEPTION", "error_message": "HTTP 400: Test error", "context": {"status_code": 400, "detail": "Test error", "error_id": "22a637a9-4cb7-43ec-bf5e-d25c12b79d64", "path": "/test", "method": "GET"}, "timestamp": "2025-09-20T14:16:27.672483"}
2025-09-20 14:16:27,672 [SCIENTIFIC] scientific.error_handling: ERROR_EVENT: {"error_type": "HTTP_EXCEPTION", "error_message": "HTTP 400: Test error", "context": {"status_code": 400, "detail": "Test error", "error_id": "22a637a9-4cb7-43ec-bf5e-d25c12b79d64", "path": "/test", "method": "GET"}, "timestamp": "2025-09-20T14:16:27.672483"}
2025-09-20 14:16:27,672 [SCIENTIFIC] scientific.error_handling: ERROR_EVENT: {"error_type": "HTTP_EXCEPTION", "error_message": "HTTP 400: Test error", "context": {"status_code": 400, "detail": "Test error", "error_id": "22a637a9-4cb7-43ec-bf5e-d25c12b79d64", "path": "/test", "method": "GET"}, "timestamp": "2025-09-20T14:16:27.672483"}
2025-09-20 14:16:27,672 [SCIENTIFIC] scientific.error_handling: ERROR_EVENT: {"error_type": "HTTP_EXCEPTION", "error_message": "HTTP 400: Test error", "context": {"status_code": 400, "detail": "Test error", "error_id": "22a637a9-4cb7-43ec-bf5e-d25c12b79d64", "path": "/test", "method": "GET"}, "timestamp": "2025-09-20T14:16:27.672483"}
2025-09-20 14:16:27,672 [SCIENTIFIC] scientific.error_handling: ERROR_EVENT: {"error_type": "HTTP_EXCEPTION", "error_message": "HTTP 400: Test error", "context": {"status_code": 400, "detail": "Test error", "error_id": "22a637a9-4cb7-43ec-bf5e-d25c12b79d64", "path": "/test", "method": "GET"}, "timestamp": "2025-09-20T14:16:27.672483"}
2025-09-20 14:16:27,672 [SCIENTIFIC] scientific.error_handling: ERROR_EVENT: {"error_type": "HTTP_EXCEPTION", "error_message": "HTTP 400: Test error", "context": {"status_code": 400, "detail": "Test error", "error_id": "22a637a9-4cb7-43ec-bf5e-d25c12b79d64", "path": "/test", "method": "GET"}, "timestamp": "2025-09-20T14:16:27.672483"}
2025-09-20 14:16:27,672 [SCIENTIFIC] scientific.error_handling: ERROR_EVENT: {"error_type": "HTTP_EXCEPTION", "error_message": "HTTP 400: Test error", "context": {"status_code": 400, "detail": "Test error", "error_id": "22a637a9-4cb7-43ec-bf5e-d25c12b79d64", "path": "/test", "method": "GET"}, "timestamp": "2025-09-20T14:16:27.672483"}
2025-09-20 14:16:27,672 [SCIENTIFIC] scientific.error_handling: ERROR_EVENT: {"error_type": "HTTP_EXCEPTION", "error_message": "HTTP 400: Test error", "context": {"status_code": 400, "detail": "Test error", "error_id": "22a637a9-4cb7-43ec-bf5e-d25c12b79d64", "path": "/test", "method": "GET"}, "timestamp": "2025-09-20T14:16:27.672483"}
2025-09-20 14:16:27,672 [SCIENTIFIC] scientific.error_handling: ERROR_EVENT: {"error_type": "HTTP_EXCEPTION", "error_message": "HTTP 400: Test error", "context": {"status_code": 400, "detail": "Test error", "error_id": "22a637a9-4cb7-43ec-bf5e-d25c12b79d64", "path": "/test", "method": "GET"}, "timestamp": "2025-09-20T14:16:27.672483"}
2025-09-20 14:16:27,672 [SCIENTIFIC] scientific.error_handling: ERROR_EVENT: {"error_type": "HTTP_EXCEPTION", "error_message": "HTTP 400: Test error", "context": {"status_code": 400, "detail": "Test error", "error_id": "22a637a9-4cb7-43ec-bf5e-d25c12b79d64", "path": "/test", "method": "GET"}, "timestamp": "2025-09-20T14:16:27.672483"}
2025-09-20 14:16:27,672 [SCIENTIFIC] scientific.error_handling: ERROR_EVENT: {"error_type": "HTTP_EXCEPTION", "error_message": "HTTP 400: Test error", "context": {"status_code": 400, "detail": "Test error", "error_id": "22a637a9-4cb7-43ec-bf5e-d25c12b79d64", "path": "/test", "method": "GET"}, "timestamp": "2025-09-20T14:16:27.672483"}
2025-09-20 14:16:27,672 [SCIENTIFIC] scientific.error_handling: QUALITY_METRICS: {"data": "error_statistics", "quality_metrics": {"error_type": "http_400", "count": 2, "unit": "count"}, "timestamp": "2025-09-20T14:16:27.672660"}
2025-09-20 14:16:27,672 [SCIENTIFIC] scientific.error_handling: QUALITY_METRICS: {"data": "error_statistics", "quality_metrics": {"error_type": "http_400", "count": 2, "unit": "count"}, "timestamp": "2025-09-20T14:16:27.672660"}
2025-09-20 14:16:27,672 [SCIENTIFIC] scientific.error_handling: QUALITY_METRICS: {"data": "error_statistics", "quality_metrics": {"error_type": "http_400", "count": 2, "unit": "count"}, "timestamp": "2025-09-20T14:16:27.672660"}
2025-09-20 14:16:27,672 [SCIENTIFIC] scientific.error_handling: QUALITY_METRICS: {"data": "error_statistics", "quality_metrics": {"error_type": "http_400", "count": 2, "unit": "count"}, "timestamp": "2025-09-20T14:16:27.672660"}
2025-09-20 14:16:27,672 [SCIENTIFIC] scientific.error_handling: QUALITY_METRICS: {"data": "error_statistics", "quality_metrics": {"error_type": "http_400", "count": 2, "unit": "count"}, "timestamp": "2025-09-20T14:16:27.672660"}
2025-09-20 14:16:27,672 [SCIENTIFIC] scientific.error_handling: QUALITY_METRICS: {"data": "error_statistics", "quality_metrics": {"error_type": "http_400", "count": 2, "unit": "count"}, "timestamp": "2025-09-20T14:16:27.672660"}
2025-09-20 14:16:27,672 [SCIENTIFIC] scientific.error_handling: QUALITY_METRICS: {"data": "error_statistics", "quality_metrics": {"error_type": "http_400", "count": 2, "unit": "count"}, "timestamp": "2025-09-20T14:16:27.672660"}
2025-09-20 14:16:27,672 [SCIENTIFIC] scientific.error_handling: QUALITY_METRICS: {"data": "error_statistics", "quality_metrics": {"error_type": "http_400", "count": 2, "unit": "count"}, "timestamp": "2025-09-20T14:16:27.672660"}
2025-09-20 14:16:27,672 [SCIENTIFIC] scientific.error_handling: QUALITY_METRICS: {"data": "error_statistics", "quality_metrics": {"error_type": "http_400", "count": 2, "unit": "count"}, "timestamp": "2025-09-20T14:16:27.672660"}
2025-09-20 14:16:27,672 [SCIENTIFIC] scientific.error_handling: QUALITY_METRICS: {"data": "error_statistics", "quality_metrics": {"error_type": "http_400", "count": 2, "unit": "count"}, "timestamp": "2025-09-20T14:16:27.672660"}
2025-09-20 14:16:27,672 [SCIENTIFIC] scientific.error_handling: QUALITY_METRICS: {"data": "error_statistics", "quality_metrics": {"error_type": "http_400", "count": 2, "unit": "count"}, "timestamp": "2025-09-20T14:16:27.672660"}
2025-09-20 14:16:27,672 [SCIENTIFIC] scientific.error_handling: QUALITY_METRICS: {"data": "error_statistics", "quality_metrics": {"error_type": "http_400", "count": 2, "unit": "count"}, "timestamp": "2025-09-20T14:16:27.672660"}
2025-09-20 14:16:27,672 [SCIENTIFIC] scientific.error_handling: QUALITY_METRICS: {"data": "error_statistics", "quality_metrics": {"error_type": "http_400", "count": 2, "unit": "count"}, "timestamp": "2025-09-20T14:16:27.672660"}
2025-09-20 14:16:27,672 [SCIENTIFIC] scientific.error_handling: QUALITY_METRICS: {"data": "error_statistics", "quality_metrics": {"error_type": "http_400", "count": 2, "unit": "count"}, "timestamp": "2025-09-20T14:16:27.672660"}
2025-09-20 14:16:27,672 [SCIENTIFIC] scientific.error_handling: QUALITY_METRICS: {"data": "error_statistics", "quality_metrics": {"error_type": "http_400", "count": 2, "unit": "count"}, "timestamp": "2025-09-20T14:16:27.672660"}
2025-09-20 14:16:27,672 [SCIENTIFIC] scientific.error_handling: QUALITY_METRICS: {"data": "error_statistics", "quality_metrics": {"error_type": "http_400", "count": 2, "unit": "count"}, "timestamp": "2025-09-20T14:16:27.672660"}
2025-09-20 14:16:27,674 [SCIENTIFIC] scientific.error_handling: QUALITY_METRICS: {"data": "error_statistics", "quality_metrics": {"error_type": "http_500", "count": 1, "unit": "count"}, "timestamp": "2025-09-20T14:16:27.674426"}
2025-09-20 14:16:27,674 [SCIENTIFIC] scientific.error_handling: QUALITY_METRICS: {"data": "error_statistics", "quality_metrics": {"error_type": "http_500", "count": 1, "unit": "count"}, "timestamp": "2025-09-20T14:16:27.674426"}
2025-09-20 14:16:27,674 [SCIENTIFIC] scientific.error_handling: QUALITY_METRICS: {"data": "error_statistics", "quality_metrics": {"error_type": "http_500", "count": 1, "unit": "count"}, "timestamp": "2025-09-20T14:16:27.674426"}
2025-09-20 14:16:27,674 [SCIENTIFIC] scientific.error_handling: QUALITY_METRICS: {"data": "error_statistics", "quality_metrics": {"error_type": "http_500", "count": 1, "unit": "count"}, "timestamp": "2025-09-20T14:16:27.674426"}
2025-09-20 14:16:27,674 [SCIENTIFIC] scientific.error_handling: QUALITY_METRICS: {"data": "error_statistics", "quality_metrics": {"error_type": "http_500", "count": 1, "unit": "count"}, "timestamp": "2025-09-20T14:16:27.674426"}
2025-09-20 14:16:27,674 [SCIENTIFIC] scientific.error_handling: QUALITY_METRICS: {"data": "error_statistics", "quality_metrics": {"error_type": "http_500", "count": 1, "unit": "count"}, "timestamp": "2025-09-20T14:16:27.674426"}
2025-09-20 14:16:27,674 [SCIENTIFIC] scientific.error_handling: QUALITY_METRICS: {"data": "error_statistics", "quality_metrics": {"error_type": "http_500", "count": 1, "unit": "count"}, "timestamp": "2025-09-20T14:16:27.674426"}
2025-09-20 14:16:27,674 [SCIENTIFIC] scientific.error_handling: QUALITY_METRICS: {"data": "error_statistics", "quality_metrics": {"error_type": "http_500", "count": 1, "unit": "count"}, "timestamp": "2025-09-20T14:16:27.674426"}
2025-09-20 14:16:27,674 [SCIENTIFIC] scientific.error_handling: QUALITY_METRICS: {"data": "error_statistics", "quality_metrics": {"error_type": "http_500", "count": 1, "unit": "count"}, "timestamp": "2025-09-20T14:16:27.674426"}
2025-09-20 14:16:27,674 [SCIENTIFIC] scientific.error_handling: QUALITY_METRICS: {"data": "error_statistics", "quality_metrics": {"error_type": "http_500", "count": 1, "unit": "count"}, "timestamp": "2025-09-20T14:16:27.674426"}
2025-09-20 14:16:27,674 [SCIENTIFIC] scientific.error_handling: QUALITY_METRICS: {"data": "error_statistics", "quality_metrics": {"error_type": "http_500", "count": 1, "unit": "count"}, "timestamp": "2025-09-20T14:16:27.674426"}
2025-09-20 14:16:27,674 [SCIENTIFIC] scientific.error_handling: QUALITY_METRICS: {"data": "error_statistics", "quality_metrics": {"error_type": "http_500", "count": 1, "unit": "count"}, "timestamp": "2025-09-20T14:16:27.674426"}
2025-09-20 14:16:27,674 [SCIENTIFIC] scientific.error_handling: QUALITY_METRICS: {"data": "error_statistics", "quality_metrics": {"error_type": "http_500", "count": 1, "unit": "count"}, "timestamp": "2025-09-20T14:16:27.674426"}
2025-09-20 14:16:27,674 [SCIENTIFIC] scientific.error_handling: QUALITY_METRICS: {"data": "error_statistics", "quality_metrics": {"error_type": "http_500", "count": 1, "unit": "count"}, "timestamp": "2025-09-20T14:16:27.674426"}
2025-09-20 14:16:27,674 [SCIENTIFIC] scientific.error_handling: QUALITY_METRICS: {"data": "error_statistics", "quality_metrics": {"error_type": "http_500", "count": 1, "unit": "count"}, "timestamp": "2025-09-20T14:16:27.674426"}
2025-09-20 14:16:27,674 [SCIENTIFIC] scientific.error_handling: QUALITY_METRICS: {"data": "error_statistics", "quality_metrics": {"error_type": "http_500", "count": 1, "unit": "count"}, "timestamp": "2025-09-20T14:16:27.674426"}
2025-09-20 14:16:27,674 [SCIENTIFIC] scientific.error_handling: QUALITY_METRICS: {"data": "error_statistics", "quality_metrics": {"error_type": "http_500", "count": 1, "unit": "count"}, "timestamp": "2025-09-20T14:16:27.674426"}
2025-09-20 14:16:27,675 [SCIENTIFIC] scientific.error_handling: QUALITY_METRICS: {"data": "error_statistics", "quality_metrics": {"error_type": "http_500", "count": 1, "unit": "count"}, "timestamp": "2025-09-20T14:16:27.675358"}
2025-09-20 14:16:27,675 [SCIENTIFIC] scientific.error_handling: QUALITY_METRICS: {"data": "error_statistics", "quality_metrics": {"error_type": "http_500", "count": 1, "unit": "count"}, "timestamp": "2025-09-20T14:16:27.675358"}
2025-09-20 14:16:27,675 [SCIENTIFIC] scientific.error_handling: QUALITY_METRICS: {"data": "error_statistics", "quality_metrics": {"error_type": "http_500", "count": 1, "unit": "count"}, "timestamp": "2025-09-20T14:16:27.675358"}
2025-09-20 14:16:27,675 [SCIENTIFIC] scientific.error_handling: QUALITY_METRICS: {"data": "error_statistics", "quality_metrics": {"error_type": "http_500", "count": 1, "unit": "count"}, "timestamp": "2025-09-20T14:16:27.675358"}
2025-09-20 14:16:27,675 [SCIENTIFIC] scientific.error_handling: QUALITY_METRICS: {"data": "error_statistics", "quality_metrics": {"error_type": "http_500", "count": 1, "unit": "count"}, "timestamp": "2025-09-20T14:16:27.675358"}
2025-09-20 14:16:27,675 [SCIENTIFIC] scientific.error_handling: QUALITY_METRICS: {"data": "error_statistics", "quality_metrics": {"error_type": "http_500", "count": 1, "unit": "count"}, "timestamp": "2025-09-20T14:16:27.675358"}
2025-09-20 14:16:27,675 [SCIENTIFIC] scientific.error_handling: QUALITY_METRICS: {"data": "error_statistics", "quality_metrics": {"error_type": "http_500", "count": 1, "unit": "count"}, "timestamp": "2025-09-20T14:16:27.675358"}
2025-09-20 14:16:27,675 [SCIENTIFIC] scientific.error_handling: QUALITY_METRICS: {"data": "error_statistics", "quality_metrics": {"error_type": "http_500", "count": 1, "unit": "count"}, "timestamp": "2025-09-20T14:16:27.675358"}
2025-09-20 14:16:27,675 [SCIENTIFIC] scientific.error_handling: QUALITY_METRICS: {"data": "error_statistics", "quality_metrics": {"error_type": "http_500", "count": 1, "unit": "count"}, "timestamp": "2025-09-20T14:16:27.675358"}
2025-09-20 14:16:27,675 [SCIENTIFIC] scientific.error_handling: QUALITY_METRICS: {"data": "error_statistics", "quality_metrics": {"error_type": "http_500", "count": 1, "unit": "count"}, "timestamp": "2025-09-20T14:16:27.675358"}
2025-09-20 14:16:27,675 [SCIENTIFIC] scientific.error_handling: QUALITY_METRICS: {"data": "error_statistics", "quality_metrics": {"error_type": "http_500", "count": 1, "unit": "count"}, "timestamp": "2025-09-20T14:16:27.675358"}
2025-09-20 14:16:27,675 [SCIENTIFIC] scientific.error_handling: QUALITY_METRICS: {"data": "error_statistics", "quality_metrics": {"error_type": "http_500", "count": 1, "unit": "count"}, "timestamp": "2025-09-20T14:16:27.675358"}
2025-09-20 14:16:27,675 [SCIENTIFIC] scientific.error_handling: QUALITY_METRICS: {"data": "error_statistics", "quality_metrics": {"error_type": "http_500", "count": 1, "unit": "count"}, "timestamp": "2025-09-20T14:16:27.675358"}
2025-09-20 14:16:27,675 [SCIENTIFIC] scientific.error_handling: QUALITY_METRICS: {"data": "error_statistics", "quality_metrics": {"error_type": "http_500", "count": 1, "unit": "count"}, "timestamp": "2025-09-20T14:16:27.675358"}
2025-09-20 14:16:27,675 [SCIENTIFIC] scientific.error_handling: QUALITY_METRICS: {"data": "error_statistics", "quality_metrics": {"error_type": "http_500", "count": 1, "unit": "count"}, "timestamp": "2025-09-20T14:16:27.675358"}
2025-09-20 14:16:27,675 [SCIENTIFIC] scientific.error_handling: QUALITY_METRICS: {"data": "error_statistics", "quality_metrics": {"error_type": "http_500", "count": 1, "unit": "count"}, "timestamp": "2025-09-20T14:16:27.675358"}
2025-09-20 14:16:27,675 [SCIENTIFIC] scientific.error_handling: QUALITY_METRICS: {"data": "error_statistics", "quality_metrics": {"error_type": "http_500", "count": 1, "unit": "count"}, "timestamp": "2025-09-20T14:16:27.675358"}
2025-09-20 14:16:27,675 [SCIENTIFIC] scientific.error_handling: QUALITY_METRICS: {"data": "error_statistics", "quality_metrics": {"error_type": "http_500", "count": 1, "unit": "count"}, "timestamp": "2025-09-20T14:16:27.675358"}
2025-09-20 14:16:27,675 [SCIENTIFIC] scientific.error_handling: QUALITY_METRICS: {"data": "error_statistics", "quality_metrics": {"error_type": "http_500", "count": 2, "unit": "count"}, "timestamp": "2025-09-20T14:16:27.675525"}
2025-09-20 14:16:27,675 [SCIENTIFIC] scientific.error_handling: QUALITY_METRICS: {"data": "error_statistics", "quality_metrics": {"error_type": "http_500", "count": 2, "unit": "count"}, "timestamp": "2025-09-20T14:16:27.675525"}
2025-09-20 14:16:27,675 [SCIENTIFIC] scientific.error_handling: QUALITY_METRICS: {"data": "error_statistics", "quality_metrics": {"error_type": "http_500", "count": 2, "unit": "count"}, "timestamp": "2025-09-20T14:16:27.675525"}
2025-09-20 14:16:27,675 [SCIENTIFIC] scientific.error_handling: QUALITY_METRICS: {"data": "error_statistics", "quality_metrics": {"error_type": "http_500", "count": 2, "unit": "count"}, "timestamp": "2025-09-20T14:16:27.675525"}
2025-09-20 14:16:27,675 [SCIENTIFIC] scientific.error_handling: QUALITY_METRICS: {"data": "error_statistics", "quality_metrics": {"error_type": "http_500", "count": 2, "unit": "count"}, "timestamp": "2025-09-20T14:16:27.675525"}
2025-09-20 14:16:27,675 [SCIENTIFIC] scientific.error_handling: QUALITY_METRICS: {"data": "error_statistics", "quality_metrics": {"error_type": "http_500", "count": 2, "unit": "count"}, "timestamp": "2025-09-20T14:16:27.675525"}
2025-09-20 14:16:27,675 [SCIENTIFIC] scientific.error_handling: QUALITY_METRICS: {"data": "error_statistics", "quality_metrics": {"error_type": "http_500", "count": 2, "unit": "count"}, "timestamp": "2025-09-20T14:16:27.675525"}
2025-09-20 14:16:27,675 [SCIENTIFIC] scientific.error_handling: QUALITY_METRICS: {"data": "error_statistics", "quality_metrics": {"error_type": "http_500", "count": 2, "unit": "count"}, "timestamp": "2025-09-20T14:16:27.675525"}
2025-09-20 14:16:27,675 [SCIENTIFIC] scientific.error_handling: QUALITY_METRICS: {"data": "error_statistics", "quality_metrics": {"error_type": "http_500", "count": 2, "unit": "count"}, "timestamp": "2025-09-20T14:16:27.675525"}
2025-09-20 14:16:27,675 [SCIENTIFIC] scientific.error_handling: QUALITY_METRICS: {"data": "error_statistics", "quality_metrics": {"error_type": "http_500", "count": 2, "unit": "count"}, "timestamp": "2025-09-20T14:16:27.675525"}
2025-09-20 14:16:27,675 [SCIENTIFIC] scientific.error_handling: QUALITY_METRICS: {"data": "error_statistics", "quality_metrics": {"error_type": "http_500", "count": 2, "unit": "count"}, "timestamp": "2025-09-20T14:16:27.675525"}
2025-09-20 14:16:27,675 [SCIENTIFIC] scientific.error_handling: QUALITY_METRICS: {"data": "error_statistics", "quality_metrics": {"error_type": "http_500", "count": 2, "unit": "count"}, "timestamp": "2025-09-20T14:16:27.675525"}
2025-09-20 14:16:27,675 [SCIENTIFIC] scientific.error_handling: QUALITY_METRICS: {"data": "error_statistics", "quality_metrics": {"error_type": "http_500", "count": 2, "unit": "count"}, "timestamp": "2025-09-20T14:16:27.675525"}
2025-09-20 14:16:27,675 [SCIENTIFIC] scientific.error_handling: QUALITY_METRICS: {"data": "error_statistics", "quality_metrics": {"error_type": "http_500", "count": 2, "unit": "count"}, "timestamp": "2025-09-20T14:16:27.675525"}
2025-09-20 14:16:27,675 [SCIENTIFIC] scientific.error_handling: QUALITY_METRICS: {"data": "error_statistics", "quality_metrics": {"error_type": "http_500", "count": 2, "unit": "count"}, "timestamp": "2025-09-20T14:16:27.675525"}
2025-09-20 14:16:27,675 [SCIENTIFIC] scientific.error_handling: QUALITY_METRICS: {"data": "error_statistics", "quality_metrics": {"error_type": "http_500", "count": 2, "unit": "count"}, "timestamp": "2025-09-20T14:16:27.675525"}
2025-09-20 14:16:27,675 [SCIENTIFIC] scientific.error_handling: QUALITY_METRICS: {"data": "error_statistics", "quality_metrics": {"error_type": "http_500", "count": 2, "unit": "count"}, "timestamp": "2025-09-20T14:16:27.675525"}
2025-09-20 14:16:27,675 [SCIENTIFIC] scientific.error_handling: QUALITY_METRICS: {"data": "error_statistics", "quality_metrics": {"error_type": "http_500", "count": 2, "unit": "count"}, "timestamp": "2025-09-20T14:16:27.675525"}
